2025-03-15 05:12:30,764 - INFO - Loaded checkpoint from /kaggle/input/relational-group-activity-recognition/pytorch/v1/1/temporal_models/RCRG_R2_C11_conc_temporal_V3_2025_03_11_21_15/checkpoint_epoch_40.pkl
2025-03-15 05:12:30,764 - INFO - Resumed training from epoch 41
2025-03-15 05:12:30,767 - INFO - Starting experiment: RCRG_R2_C11_conc_temporal_V3
2025-03-15 05:12:30,767 - INFO - Using optimizer: AdamW, lr: 1e-06, momentum: 0, weight_decay: c
2025-03-15 05:12:30,767 - INFO - Using device: cuda:0
2025-03-15 05:12:30,767 - INFO - World Size: 2
2025-03-15 05:12:30,771 - INFO - Set random seed: 31
2025-03-15 05:12:30,771 - INFO - Starting training...
2025-03-15 05:12:30,772 - INFO - Training dataset size: 2152
2025-03-15 05:12:30,772 - INFO - Validation dataset size: 1341
2025-03-15 05:12:30,772 - INFO - 
Epoch 42/80
2025-03-15 05:14:42,240 - INFO - Epoch: 41 | Batch: 50/269 | Loss: 0.1342 | Acc: 96.08%
2025-03-15 05:16:04,231 - INFO - Epoch: 41 | Batch: 100/269 | Loss: 0.4159 | Acc: 94.80%
2025-03-15 05:17:34,906 - INFO - Epoch: 41 | Batch: 150/269 | Loss: 0.2068 | Acc: 94.87%
2025-03-15 05:19:01,304 - INFO - Epoch: 41 | Batch: 200/269 | Loss: 0.2296 | Acc: 94.40%
2025-03-15 05:20:24,295 - INFO - Epoch: 41 | Batch: 250/269 | Loss: 0.3507 | Acc: 94.72%
2025-03-15 05:25:53,914 - INFO - Epoch 41 | Train Loss: 0.3493 | Train Accuracy: 94.24%
2025-03-15 05:25:53,915 - INFO - Epoch 41 | Valid Loss: 0.4748 | Valid Accuracy: 89.57% | Valid F1 Score: 0.8955
2025-03-15 05:25:54,491 - INFO - Saved checkpoint at /kaggle/working/continued_training/checkpoint_epoch_41.pkl
2025-03-15 05:25:54,492 - INFO - Current learning rate: 1.0000000000000002e-06
2025-03-15 05:25:54,492 - INFO - 
Epoch 43/80
2025-03-15 05:28:05,384 - INFO - Epoch: 42 | Batch: 50/269 | Loss: 0.2606 | Acc: 96.08%
2025-03-15 05:29:26,794 - INFO - Epoch: 42 | Batch: 100/269 | Loss: 0.4299 | Acc: 94.06%
2025-03-15 05:30:48,388 - INFO - Epoch: 42 | Batch: 150/269 | Loss: 0.0910 | Acc: 93.38%
2025-03-15 05:32:08,366 - INFO - Epoch: 42 | Batch: 200/269 | Loss: 0.2675 | Acc: 93.53%
2025-03-15 05:33:32,092 - INFO - Epoch: 42 | Batch: 250/269 | Loss: 1.3780 | Acc: 94.02%
2025-03-15 05:38:56,760 - INFO - Epoch 42 | Train Loss: 0.3350 | Train Accuracy: 94.89%
2025-03-15 05:38:56,768 - INFO - Epoch 42 | Valid Loss: 0.4732 | Valid Accuracy: 89.49% | Valid F1 Score: 0.8900
2025-03-15 05:38:57,742 - INFO - Saved checkpoint at /kaggle/working/continued_training/checkpoint_epoch_42.pkl
2025-03-15 05:38:57,743 - INFO - Current learning rate: 1.0000000000000002e-06
2025-03-15 05:38:57,744 - INFO - 
Epoch 44/80
2025-03-15 05:41:07,120 - INFO - Epoch: 43 | Batch: 50/269 | Loss: 0.1968 | Acc: 90.69%
2025-03-15 05:42:26,861 - INFO - Epoch: 43 | Batch: 100/269 | Loss: 0.2809 | Acc: 91.83%
2025-03-15 05:43:44,389 - INFO - Epoch: 43 | Batch: 150/269 | Loss: 0.1375 | Acc: 92.38%
2025-03-15 05:45:05,702 - INFO - Epoch: 43 | Batch: 200/269 | Loss: 0.3329 | Acc: 93.16%
2025-03-15 05:46:23,029 - INFO - Epoch: 43 | Batch: 250/269 | Loss: 0.5921 | Acc: 93.33%
2025-03-15 05:51:49,411 - INFO - Epoch 43 | Train Loss: 0.3615 | Train Accuracy: 93.59%
2025-03-15 05:51:49,413 - INFO - Epoch 43 | Valid Loss: 0.4656 | Valid Accuracy: 89.57% | Valid F1 Score: 0.8841
2025-03-15 05:51:50,310 - INFO - Saved checkpoint at /kaggle/working/continued_training/checkpoint_epoch_43.pkl
2025-03-15 05:51:50,312 - INFO - Current learning rate: 1.0000000000000002e-06
2025-03-15 05:51:50,313 - INFO - 
Epoch 45/80
2025-03-15 05:53:59,855 - INFO - Epoch: 44 | Batch: 50/269 | Loss: 0.0889 | Acc: 96.08%
2025-03-15 05:55:17,106 - INFO - Epoch: 44 | Batch: 100/269 | Loss: 0.1091 | Acc: 94.80%
2025-03-15 05:56:37,563 - INFO - Epoch: 44 | Batch: 150/269 | Loss: 0.1314 | Acc: 94.70%
2025-03-15 05:57:55,172 - INFO - Epoch: 44 | Batch: 200/269 | Loss: 0.5446 | Acc: 95.02%
2025-03-15 05:59:14,716 - INFO - Epoch: 44 | Batch: 250/269 | Loss: 0.4570 | Acc: 94.82%
2025-03-15 06:04:44,046 - INFO - Epoch 44 | Train Loss: 0.3302 | Train Accuracy: 95.17%
2025-03-15 06:04:44,052 - INFO - Epoch 44 | Valid Loss: 0.4615 | Valid Accuracy: 89.57% | Valid F1 Score: 0.8884
2025-03-15 06:04:44,632 - INFO - Saved checkpoint at /kaggle/working/continued_training/checkpoint_epoch_44.pkl
2025-03-15 06:04:44,633 - INFO - Current learning rate: 1.0000000000000002e-06
2025-03-15 06:04:44,634 - INFO - 
Epoch 46/80
2025-03-15 06:06:53,627 - INFO - Epoch: 45 | Batch: 50/269 | Loss: 0.0963 | Acc: 94.12%
2025-03-15 06:08:16,272 - INFO - Epoch: 45 | Batch: 100/269 | Loss: 0.0926 | Acc: 94.55%
2025-03-15 06:09:36,751 - INFO - Epoch: 45 | Batch: 150/269 | Loss: 0.2917 | Acc: 94.87%
2025-03-15 06:10:57,628 - INFO - Epoch: 45 | Batch: 200/269 | Loss: 0.2136 | Acc: 94.53%
2025-03-15 06:12:15,056 - INFO - Epoch: 45 | Batch: 250/269 | Loss: 0.1856 | Acc: 94.62%
2025-03-15 06:17:40,407 - INFO - Epoch 45 | Train Loss: 0.3429 | Train Accuracy: 94.10%
2025-03-15 06:17:40,417 - INFO - Epoch 45 | Valid Loss: 0.4571 | Valid Accuracy: 90.24% | Valid F1 Score: 0.9002
2025-03-15 06:17:41,044 - INFO - Saved checkpoint at /kaggle/working/continued_training/checkpoint_epoch_45.pkl
2025-03-15 06:17:41,045 - INFO - Current learning rate: 1.0000000000000002e-06
2025-03-15 06:17:41,046 - INFO - 
Epoch 47/80
2025-03-15 06:19:47,242 - INFO - Epoch: 46 | Batch: 50/269 | Loss: 0.1060 | Acc: 94.61%
2025-03-15 06:21:05,855 - INFO - Epoch: 46 | Batch: 100/269 | Loss: 0.3267 | Acc: 93.81%
2025-03-15 06:22:18,840 - INFO - Epoch: 46 | Batch: 150/269 | Loss: 0.2631 | Acc: 94.37%
2025-03-15 06:23:38,083 - INFO - Epoch: 46 | Batch: 200/269 | Loss: 0.8421 | Acc: 93.41%
2025-03-15 06:25:02,764 - INFO - Epoch: 46 | Batch: 250/269 | Loss: 0.1588 | Acc: 93.63%
2025-03-15 06:30:41,685 - INFO - Epoch 46 | Train Loss: 0.3470 | Train Accuracy: 94.19%
2025-03-15 06:30:41,694 - INFO - Epoch 46 | Valid Loss: 0.4706 | Valid Accuracy: 89.12% | Valid F1 Score: 0.8810
2025-03-15 06:30:42,344 - INFO - Saved checkpoint at /kaggle/working/continued_training/checkpoint_epoch_46.pkl
2025-03-15 06:30:42,345 - INFO - Current learning rate: 1.0000000000000002e-06
2025-03-15 06:30:42,345 - INFO - 
Epoch 48/80
2025-03-15 06:32:52,938 - INFO - Epoch: 47 | Batch: 50/269 | Loss: 0.4093 | Acc: 94.12%
2025-03-15 06:34:14,150 - INFO - Epoch: 47 | Batch: 100/269 | Loss: 0.5142 | Acc: 94.80%
2025-03-15 06:35:34,071 - INFO - Epoch: 47 | Batch: 150/269 | Loss: 0.4765 | Acc: 93.54%
2025-03-15 06:36:57,085 - INFO - Epoch: 47 | Batch: 200/269 | Loss: 0.1670 | Acc: 93.28%
2025-03-15 06:38:17,055 - INFO - Epoch: 47 | Batch: 250/269 | Loss: 0.3582 | Acc: 93.53%
2025-03-15 06:43:49,034 - INFO - Epoch 47 | Train Loss: 0.3469 | Train Accuracy: 93.54%
2025-03-15 06:43:49,034 - INFO - Epoch 47 | Valid Loss: 0.4662 | Valid Accuracy: 89.49% | Valid F1 Score: 0.8884
2025-03-15 06:43:49,618 - INFO - Saved checkpoint at /kaggle/working/continued_training/checkpoint_epoch_47.pkl
2025-03-15 06:43:49,619 - INFO - Current learning rate: 1.0000000000000002e-06
2025-03-15 06:43:49,620 - INFO - 
Epoch 49/80
2025-03-15 06:46:00,681 - INFO - Epoch: 48 | Batch: 50/269 | Loss: 0.5014 | Acc: 95.59%
2025-03-15 06:47:23,689 - INFO - Epoch: 48 | Batch: 100/269 | Loss: 0.9425 | Acc: 92.33%
2025-03-15 06:48:42,467 - INFO - Epoch: 48 | Batch: 150/269 | Loss: 0.2540 | Acc: 92.88%
2025-03-15 06:50:05,088 - INFO - Epoch: 48 | Batch: 200/269 | Loss: 0.8147 | Acc: 93.66%
2025-03-15 06:51:26,567 - INFO - Epoch: 48 | Batch: 250/269 | Loss: 0.4348 | Acc: 93.63%
2025-03-15 06:57:00,460 - INFO - Epoch 48 | Train Loss: 0.3372 | Train Accuracy: 94.84%
2025-03-15 06:57:00,460 - INFO - Epoch 48 | Valid Loss: 0.4724 | Valid Accuracy: 89.12% | Valid F1 Score: 0.8829
2025-03-15 06:57:01,090 - INFO - Saved checkpoint at /kaggle/working/continued_training/checkpoint_epoch_48.pkl
2025-03-15 06:57:01,091 - INFO - Current learning rate: 1.0000000000000002e-06
2025-03-15 06:57:01,092 - INFO - 
Epoch 50/80
2025-03-15 06:59:21,090 - INFO - Epoch: 49 | Batch: 50/269 | Loss: 0.2874 | Acc: 96.57%
2025-03-15 07:00:46,932 - INFO - Epoch: 49 | Batch: 100/269 | Loss: 0.1540 | Acc: 95.05%
2025-03-15 07:02:11,471 - INFO - Epoch: 49 | Batch: 150/269 | Loss: 0.2082 | Acc: 93.71%
2025-03-15 07:03:33,068 - INFO - Epoch: 49 | Batch: 200/269 | Loss: 0.1587 | Acc: 93.16%
2025-03-15 07:04:58,056 - INFO - Epoch: 49 | Batch: 250/269 | Loss: 0.1648 | Acc: 93.73%
2025-03-15 07:10:34,060 - INFO - Epoch 49 | Train Loss: 0.3304 | Train Accuracy: 94.19%
2025-03-15 07:10:34,118 - INFO - Epoch 49 | Valid Loss: 0.4785 | Valid Accuracy: 88.90% | Valid F1 Score: 0.8856
2025-03-15 07:10:35,246 - INFO - Saved checkpoint at /kaggle/working/continued_training/checkpoint_epoch_49.pkl
2025-03-15 07:10:35,248 - INFO - Current learning rate: 1.0000000000000002e-06
2025-03-15 07:10:35,249 - INFO - 
Epoch 51/80
2025-03-15 07:12:52,376 - INFO - Epoch: 50 | Batch: 50/269 | Loss: 0.2471 | Acc: 93.14%
2025-03-15 07:14:15,020 - INFO - Epoch: 50 | Batch: 100/269 | Loss: 0.3053 | Acc: 93.81%
2025-03-15 07:15:38,628 - INFO - Epoch: 50 | Batch: 150/269 | Loss: 0.3214 | Acc: 94.70%
2025-03-15 07:17:01,440 - INFO - Epoch: 50 | Batch: 200/269 | Loss: 0.2404 | Acc: 94.15%
2025-03-15 07:18:25,509 - INFO - Epoch: 50 | Batch: 250/269 | Loss: 0.1541 | Acc: 93.53%
2025-03-15 07:23:59,962 - INFO - Epoch 50 | Train Loss: 0.3320 | Train Accuracy: 94.80%
2025-03-15 07:23:59,963 - INFO - Epoch 50 | Valid Loss: 0.4794 | Valid Accuracy: 89.57% | Valid F1 Score: 0.8878
2025-03-15 07:24:00,595 - INFO - Saved checkpoint at /kaggle/working/continued_training/checkpoint_epoch_50.pkl
2025-03-15 07:24:00,595 - INFO - Current learning rate: 1.0000000000000002e-06
2025-03-15 07:24:00,596 - INFO - 
Epoch 52/80
2025-03-15 07:26:18,700 - INFO - Epoch: 51 | Batch: 50/269 | Loss: 0.3564 | Acc: 93.63%
2025-03-15 07:27:45,720 - INFO - Epoch: 51 | Batch: 100/269 | Loss: 0.3042 | Acc: 94.06%
2025-03-15 07:29:07,083 - INFO - Epoch: 51 | Batch: 150/269 | Loss: 0.1867 | Acc: 94.21%
2025-03-15 07:30:35,916 - INFO - Epoch: 51 | Batch: 200/269 | Loss: 0.1740 | Acc: 93.16%
2025-03-15 07:31:59,831 - INFO - Epoch: 51 | Batch: 250/269 | Loss: 0.2134 | Acc: 93.43%
2025-03-15 07:37:34,531 - INFO - Epoch 51 | Train Loss: 0.3352 | Train Accuracy: 94.42%
2025-03-15 07:37:34,543 - INFO - Epoch 51 | Valid Loss: 0.4723 | Valid Accuracy: 89.20% | Valid F1 Score: 0.8878
2025-03-15 07:37:35,527 - INFO - Saved checkpoint at /kaggle/working/continued_training/checkpoint_epoch_51.pkl
2025-03-15 07:37:35,528 - INFO - Current learning rate: 1.0000000000000002e-06
2025-03-15 07:37:35,529 - INFO - 
Epoch 53/80
2025-03-15 07:39:49,047 - INFO - Epoch: 52 | Batch: 50/269 | Loss: 0.0861 | Acc: 95.59%
2025-03-15 07:41:07,922 - INFO - Epoch: 52 | Batch: 100/269 | Loss: 0.1718 | Acc: 95.05%
2025-03-15 07:42:25,887 - INFO - Epoch: 52 | Batch: 150/269 | Loss: 0.2286 | Acc: 94.54%
2025-03-15 07:43:43,194 - INFO - Epoch: 52 | Batch: 200/269 | Loss: 0.4353 | Acc: 92.54%
2025-03-15 07:45:04,481 - INFO - Epoch: 52 | Batch: 250/269 | Loss: 0.2470 | Acc: 93.63%
2025-03-15 07:50:30,858 - INFO - Epoch 52 | Train Loss: 0.3370 | Train Accuracy: 93.96%
2025-03-15 07:50:30,858 - INFO - Epoch 52 | Valid Loss: 0.4714 | Valid Accuracy: 89.27% | Valid F1 Score: 0.8928
2025-03-15 07:50:31,440 - INFO - Saved checkpoint at /kaggle/working/continued_training/checkpoint_epoch_52.pkl
2025-03-15 07:50:31,441 - INFO - Current learning rate: 1.0000000000000002e-06
2025-03-15 07:50:31,442 - INFO - 
Epoch 54/80
2025-03-15 07:52:38,564 - INFO - Epoch: 53 | Batch: 50/269 | Loss: 0.3451 | Acc: 96.08%
2025-03-15 07:53:56,186 - INFO - Epoch: 53 | Batch: 100/269 | Loss: 0.2784 | Acc: 95.05%
2025-03-15 07:55:12,584 - INFO - Epoch: 53 | Batch: 150/269 | Loss: 0.1766 | Acc: 94.37%
2025-03-15 07:56:31,844 - INFO - Epoch: 53 | Batch: 200/269 | Loss: 0.1334 | Acc: 94.28%
2025-03-15 07:57:48,019 - INFO - Epoch: 53 | Batch: 250/269 | Loss: 0.7288 | Acc: 94.52%
2025-03-15 08:03:16,031 - INFO - Epoch 53 | Train Loss: 0.3213 | Train Accuracy: 94.61%
2025-03-15 08:03:16,032 - INFO - Epoch 53 | Valid Loss: 0.4861 | Valid Accuracy: 89.12% | Valid F1 Score: 0.8842
2025-03-15 08:03:16,642 - INFO - Saved checkpoint at /kaggle/working/continued_training/checkpoint_epoch_53.pkl
2025-03-15 08:03:16,643 - INFO - Current learning rate: 1.0000000000000002e-06
2025-03-15 08:03:16,644 - INFO - 
Epoch 55/80
2025-03-15 08:05:23,818 - INFO - Epoch: 54 | Batch: 50/269 | Loss: 0.1093 | Acc: 92.16%
2025-03-15 08:06:41,514 - INFO - Epoch: 54 | Batch: 100/269 | Loss: 0.2737 | Acc: 92.57%
2025-03-15 08:07:57,517 - INFO - Epoch: 54 | Batch: 150/269 | Loss: 0.2957 | Acc: 93.54%
2025-03-15 08:09:14,731 - INFO - Epoch: 54 | Batch: 200/269 | Loss: 0.2772 | Acc: 94.53%
2025-03-15 08:10:31,434 - INFO - Epoch: 54 | Batch: 250/269 | Loss: 0.3044 | Acc: 94.82%
2025-03-15 08:16:01,034 - INFO - Epoch 54 | Train Loss: 0.3120 | Train Accuracy: 95.40%
2025-03-15 08:16:01,034 - INFO - Epoch 54 | Valid Loss: 0.4700 | Valid Accuracy: 89.57% | Valid F1 Score: 0.8944
2025-03-15 08:16:01,920 - INFO - Saved checkpoint at /kaggle/working/continued_training/checkpoint_epoch_54.pkl
2025-03-15 08:16:01,921 - INFO - Current learning rate: 1.0000000000000002e-06
2025-03-15 08:16:01,922 - INFO - 
Epoch 56/80
2025-03-15 08:18:09,519 - INFO - Epoch: 55 | Batch: 50/269 | Loss: 0.1828 | Acc: 96.08%
2025-03-15 08:19:30,277 - INFO - Epoch: 55 | Batch: 100/269 | Loss: 0.1343 | Acc: 95.79%
2025-03-15 08:20:47,491 - INFO - Epoch: 55 | Batch: 150/269 | Loss: 0.1710 | Acc: 95.86%
2025-03-15 08:22:07,159 - INFO - Epoch: 55 | Batch: 200/269 | Loss: 0.3784 | Acc: 95.27%
2025-03-15 08:23:25,173 - INFO - Epoch: 55 | Batch: 250/269 | Loss: 0.3292 | Acc: 94.92%
2025-03-15 08:28:53,722 - INFO - Epoch 55 | Train Loss: 0.3222 | Train Accuracy: 94.98%
2025-03-15 08:28:53,722 - INFO - Epoch 55 | Valid Loss: 0.4607 | Valid Accuracy: 90.46% | Valid F1 Score: 0.9017
2025-03-15 08:28:54,227 - INFO - Saved checkpoint at /kaggle/working/continued_training/checkpoint_epoch_55.pkl
2025-03-15 08:28:54,228 - INFO - Current learning rate: 1.0000000000000002e-06
2025-03-15 08:28:54,229 - INFO - 
Epoch 57/80
2025-03-15 08:31:00,582 - INFO - Epoch: 56 | Batch: 50/269 | Loss: 0.1046 | Acc: 92.65%
2025-03-15 08:32:20,574 - INFO - Epoch: 56 | Batch: 100/269 | Loss: 0.1119 | Acc: 93.81%
2025-03-15 08:33:36,620 - INFO - Epoch: 56 | Batch: 150/269 | Loss: 0.2181 | Acc: 93.54%
2025-03-15 08:34:58,384 - INFO - Epoch: 56 | Batch: 200/269 | Loss: 0.3255 | Acc: 93.28%
2025-03-15 08:36:16,740 - INFO - Epoch: 56 | Batch: 250/269 | Loss: 0.3391 | Acc: 93.92%
2025-03-15 08:41:46,120 - INFO - Epoch 56 | Train Loss: 0.3329 | Train Accuracy: 94.56%
2025-03-15 08:41:46,120 - INFO - Epoch 56 | Valid Loss: 0.4589 | Valid Accuracy: 89.79% | Valid F1 Score: 0.8957
2025-03-15 08:41:46,627 - INFO - Saved checkpoint at /kaggle/working/continued_training/checkpoint_epoch_56.pkl
2025-03-15 08:41:46,628 - INFO - Current learning rate: 1.0000000000000002e-06
2025-03-15 08:41:46,628 - INFO - 
Epoch 58/80
2025-03-15 08:43:53,639 - INFO - Epoch: 57 | Batch: 50/269 | Loss: 0.6739 | Acc: 92.16%
2025-03-15 08:45:13,389 - INFO - Epoch: 57 | Batch: 100/269 | Loss: 0.1083 | Acc: 92.33%
2025-03-15 08:46:32,136 - INFO - Epoch: 57 | Batch: 150/269 | Loss: 0.1910 | Acc: 93.21%
2025-03-15 08:47:50,323 - INFO - Epoch: 57 | Batch: 200/269 | Loss: 1.1834 | Acc: 93.28%
2025-03-15 08:49:06,246 - INFO - Epoch: 57 | Batch: 250/269 | Loss: 0.1101 | Acc: 92.43%
2025-03-15 08:54:33,113 - INFO - Epoch 57 | Train Loss: 0.3298 | Train Accuracy: 94.14%
2025-03-15 08:54:33,117 - INFO - Epoch 57 | Valid Loss: 0.4621 | Valid Accuracy: 90.31% | Valid F1 Score: 0.9030
2025-03-15 08:54:33,642 - INFO - Saved checkpoint at /kaggle/working/continued_training/checkpoint_epoch_57.pkl
2025-03-15 08:54:33,642 - INFO - Current learning rate: 1.0000000000000002e-06
2025-03-15 08:54:33,643 - INFO - 
Epoch 59/80
2025-03-15 08:56:40,955 - INFO - Epoch: 58 | Batch: 50/269 | Loss: 0.2294 | Acc: 94.12%
2025-03-15 08:57:58,495 - INFO - Epoch: 58 | Batch: 100/269 | Loss: 0.1723 | Acc: 94.31%
2025-03-15 08:59:14,289 - INFO - Epoch: 58 | Batch: 150/269 | Loss: 0.2418 | Acc: 93.54%
2025-03-15 09:00:33,259 - INFO - Epoch: 58 | Batch: 200/269 | Loss: 0.3059 | Acc: 93.41%
2025-03-15 09:01:55,711 - INFO - Epoch: 58 | Batch: 250/269 | Loss: 0.2522 | Acc: 93.53%
2025-03-15 09:07:23,154 - INFO - Epoch 58 | Train Loss: 0.3387 | Train Accuracy: 94.66%
2025-03-15 09:07:23,155 - INFO - Epoch 58 | Valid Loss: 0.4605 | Valid Accuracy: 90.09% | Valid F1 Score: 0.9016
2025-03-15 09:07:23,865 - INFO - Saved checkpoint at /kaggle/working/continued_training/checkpoint_epoch_58.pkl
2025-03-15 09:07:23,866 - INFO - Current learning rate: 1.0000000000000002e-06
2025-03-15 09:07:23,867 - INFO - 
Epoch 60/80
2025-03-15 09:09:33,197 - INFO - Epoch: 59 | Batch: 50/269 | Loss: 0.4204 | Acc: 96.57%
2025-03-15 09:10:53,189 - INFO - Epoch: 59 | Batch: 100/269 | Loss: 0.5043 | Acc: 96.53%
2025-03-15 09:12:11,385 - INFO - Epoch: 59 | Batch: 150/269 | Loss: 0.1144 | Acc: 95.36%
2025-03-15 09:13:32,373 - INFO - Epoch: 59 | Batch: 200/269 | Loss: 0.1048 | Acc: 95.65%
2025-03-15 09:14:50,573 - INFO - Epoch: 59 | Batch: 250/269 | Loss: 0.2327 | Acc: 95.22%
2025-03-15 09:20:16,160 - INFO - Epoch 59 | Train Loss: 0.3121 | Train Accuracy: 95.31%
2025-03-15 09:20:16,160 - INFO - Epoch 59 | Valid Loss: 0.4804 | Valid Accuracy: 89.05% | Valid F1 Score: 0.8882
2025-03-15 09:20:16,678 - INFO - Saved checkpoint at /kaggle/working/continued_training/checkpoint_epoch_59.pkl
2025-03-15 09:20:16,679 - INFO - Current learning rate: 1.0000000000000002e-06
2025-03-15 09:20:16,680 - INFO - 
Epoch 61/80
2025-03-15 09:22:23,106 - INFO - Epoch: 60 | Batch: 50/269 | Loss: 0.7625 | Acc: 92.65%
2025-03-15 09:23:40,482 - INFO - Epoch: 60 | Batch: 100/269 | Loss: 0.2924 | Acc: 93.81%
2025-03-15 09:24:58,165 - INFO - Epoch: 60 | Batch: 150/269 | Loss: 0.5178 | Acc: 94.37%
2025-03-15 09:26:15,606 - INFO - Epoch: 60 | Batch: 200/269 | Loss: 0.1151 | Acc: 94.28%
2025-03-15 09:27:32,751 - INFO - Epoch: 60 | Batch: 250/269 | Loss: 0.2522 | Acc: 94.42%
2025-03-15 09:33:01,085 - INFO - Epoch 60 | Train Loss: 0.3089 | Train Accuracy: 95.35%
2025-03-15 09:33:01,085 - INFO - Epoch 60 | Valid Loss: 0.4599 | Valid Accuracy: 89.87% | Valid F1 Score: 0.8942
2025-03-15 09:33:01,592 - INFO - Saved checkpoint at /kaggle/working/continued_training/checkpoint_epoch_60.pkl
2025-03-15 09:33:01,593 - INFO - Current learning rate: 1.0000000000000002e-06
2025-03-15 09:33:01,593 - INFO - 
Epoch 62/80
2025-03-15 09:35:08,655 - INFO - Epoch: 61 | Batch: 50/269 | Loss: 0.2980 | Acc: 96.08%
2025-03-15 09:36:26,479 - INFO - Epoch: 61 | Batch: 100/269 | Loss: 0.1924 | Acc: 94.31%
2025-03-15 09:37:44,653 - INFO - Epoch: 61 | Batch: 150/269 | Loss: 0.2125 | Acc: 93.38%
2025-03-15 09:39:02,042 - INFO - Epoch: 61 | Batch: 200/269 | Loss: 0.3678 | Acc: 93.66%
2025-03-15 09:40:20,906 - INFO - Epoch: 61 | Batch: 250/269 | Loss: 0.1864 | Acc: 93.73%
2025-03-15 09:45:47,102 - INFO - Epoch 61 | Train Loss: 0.3199 | Train Accuracy: 94.89%
2025-03-15 09:45:47,118 - INFO - Epoch 61 | Valid Loss: 0.4577 | Valid Accuracy: 89.64% | Valid F1 Score: 0.8929
2025-03-15 09:45:47,935 - INFO - Saved checkpoint at /kaggle/working/continued_training/checkpoint_epoch_61.pkl
2025-03-15 09:45:47,936 - INFO - Current learning rate: 1.0000000000000002e-06
2025-03-15 09:45:47,937 - INFO - 
Epoch 63/80
2025-03-15 09:47:55,183 - INFO - Epoch: 62 | Batch: 50/269 | Loss: 0.5806 | Acc: 94.61%
2025-03-15 09:49:18,177 - INFO - Epoch: 62 | Batch: 100/269 | Loss: 0.0801 | Acc: 95.30%
2025-03-15 09:50:34,694 - INFO - Epoch: 62 | Batch: 150/269 | Loss: 0.1349 | Acc: 95.03%
2025-03-15 09:51:52,071 - INFO - Epoch: 62 | Batch: 200/269 | Loss: 0.5657 | Acc: 94.03%
2025-03-15 09:53:10,338 - INFO - Epoch: 62 | Batch: 250/269 | Loss: 0.2295 | Acc: 93.92%
2025-03-15 09:58:37,142 - INFO - Epoch 62 | Train Loss: 0.3110 | Train Accuracy: 95.45%
2025-03-15 09:58:37,143 - INFO - Epoch 62 | Valid Loss: 0.4745 | Valid Accuracy: 88.90% | Valid F1 Score: 0.8882
2025-03-15 09:58:37,649 - INFO - Saved checkpoint at /kaggle/working/continued_training/checkpoint_epoch_62.pkl
2025-03-15 09:58:37,650 - INFO - Current learning rate: 1.0000000000000002e-06
2025-03-15 09:58:37,650 - INFO - 
Epoch 64/80
2025-03-15 10:00:43,513 - INFO - Epoch: 63 | Batch: 50/269 | Loss: 0.1854 | Acc: 96.08%
2025-03-15 10:02:00,118 - INFO - Epoch: 63 | Batch: 100/269 | Loss: 0.2993 | Acc: 95.05%
2025-03-15 10:03:15,550 - INFO - Epoch: 63 | Batch: 150/269 | Loss: 0.1048 | Acc: 94.21%
2025-03-15 10:04:35,991 - INFO - Epoch: 63 | Batch: 200/269 | Loss: 0.4723 | Acc: 94.90%
2025-03-15 10:05:49,664 - INFO - Epoch: 63 | Batch: 250/269 | Loss: 1.0109 | Acc: 95.02%
2025-03-15 10:11:18,137 - INFO - Epoch 63 | Train Loss: 0.2853 | Train Accuracy: 96.38%
2025-03-15 10:11:18,163 - INFO - Epoch 63 | Valid Loss: 0.4881 | Valid Accuracy: 88.90% | Valid F1 Score: 0.8766
2025-03-15 10:11:19,018 - INFO - Saved checkpoint at /kaggle/working/continued_training/checkpoint_epoch_63.pkl
2025-03-15 10:11:19,019 - INFO - Current learning rate: 1.0000000000000002e-06
2025-03-15 10:11:19,020 - INFO - 
Epoch 65/80
2025-03-15 10:13:25,252 - INFO - Epoch: 64 | Batch: 50/269 | Loss: 0.1716 | Acc: 99.02%
2025-03-15 10:14:47,312 - INFO - Epoch: 64 | Batch: 100/269 | Loss: 0.2463 | Acc: 97.52%
2025-03-15 10:16:06,315 - INFO - Epoch: 64 | Batch: 150/269 | Loss: 0.5985 | Acc: 96.03%
2025-03-15 10:17:26,395 - INFO - Epoch: 64 | Batch: 200/269 | Loss: 0.2952 | Acc: 95.27%
2025-03-15 10:18:44,715 - INFO - Epoch: 64 | Batch: 250/269 | Loss: 0.2785 | Acc: 94.92%
2025-03-15 10:24:13,489 - INFO - Epoch 64 | Train Loss: 0.2909 | Train Accuracy: 95.82%
2025-03-15 10:24:13,490 - INFO - Epoch 64 | Valid Loss: 0.4463 | Valid Accuracy: 90.46% | Valid F1 Score: 0.9002
2025-03-15 10:24:14,305 - INFO - Saved checkpoint at /kaggle/working/continued_training/checkpoint_epoch_64.pkl
2025-03-15 10:24:14,306 - INFO - Current learning rate: 1.0000000000000002e-06
2025-03-15 10:24:14,307 - INFO - 
Epoch 66/80
2025-03-15 10:26:24,597 - INFO - Epoch: 65 | Batch: 50/269 | Loss: 0.1562 | Acc: 96.57%
2025-03-15 10:27:45,433 - INFO - Epoch: 65 | Batch: 100/269 | Loss: 0.2077 | Acc: 95.79%
2025-03-15 10:29:01,316 - INFO - Epoch: 65 | Batch: 150/269 | Loss: 0.1093 | Acc: 95.36%
2025-03-15 10:30:20,753 - INFO - Epoch: 65 | Batch: 200/269 | Loss: 0.5624 | Acc: 95.40%
2025-03-15 10:31:38,634 - INFO - Epoch: 65 | Batch: 250/269 | Loss: 0.1825 | Acc: 95.22%
2025-03-15 10:37:05,702 - INFO - Epoch 65 | Train Loss: 0.2832 | Train Accuracy: 96.38%
2025-03-15 10:37:05,703 - INFO - Epoch 65 | Valid Loss: 0.4700 | Valid Accuracy: 89.79% | Valid F1 Score: 0.8941
2025-03-15 10:37:06,352 - INFO - Saved checkpoint at /kaggle/working/continued_training/checkpoint_epoch_65.pkl
2025-03-15 10:37:06,352 - INFO - Current learning rate: 1.0000000000000002e-06
2025-03-15 10:37:06,353 - INFO - 
Epoch 67/80
2025-03-15 10:39:17,195 - INFO - Epoch: 66 | Batch: 50/269 | Loss: 0.1917 | Acc: 97.06%
2025-03-15 10:40:36,610 - INFO - Epoch: 66 | Batch: 100/269 | Loss: 0.1273 | Acc: 95.30%
2025-03-15 10:41:53,244 - INFO - Epoch: 66 | Batch: 150/269 | Loss: 0.2170 | Acc: 95.03%
2025-03-15 10:43:13,129 - INFO - Epoch: 66 | Batch: 200/269 | Loss: 0.3663 | Acc: 95.40%
2025-03-15 10:44:32,355 - INFO - Epoch: 66 | Batch: 250/269 | Loss: 0.2548 | Acc: 94.72%
2025-03-15 10:50:01,487 - INFO - Epoch 66 | Train Loss: 0.3013 | Train Accuracy: 95.72%
2025-03-15 10:50:01,488 - INFO - Epoch 66 | Valid Loss: 0.4522 | Valid Accuracy: 89.79% | Valid F1 Score: 0.8927
2025-03-15 10:50:02,075 - INFO - Saved checkpoint at /kaggle/working/continued_training/checkpoint_epoch_66.pkl
2025-03-15 10:50:02,076 - INFO - Current learning rate: 1.0000000000000002e-06
2025-03-15 10:50:02,076 - INFO - 
Epoch 68/80
2025-03-15 10:52:10,812 - INFO - Epoch: 67 | Batch: 50/269 | Loss: 0.1285 | Acc: 96.57%
2025-03-15 10:53:30,593 - INFO - Epoch: 67 | Batch: 100/269 | Loss: 0.5460 | Acc: 96.29%
2025-03-15 10:54:46,576 - INFO - Epoch: 67 | Batch: 150/269 | Loss: 0.3166 | Acc: 94.87%
2025-03-15 10:56:04,878 - INFO - Epoch: 67 | Batch: 200/269 | Loss: 0.1092 | Acc: 95.40%
2025-03-15 10:57:23,504 - INFO - Epoch: 67 | Batch: 250/269 | Loss: 0.1039 | Acc: 95.32%
2025-03-15 11:02:53,906 - INFO - Epoch 67 | Train Loss: 0.3204 | Train Accuracy: 94.61%
2025-03-15 11:02:53,917 - INFO - Epoch 67 | Valid Loss: 0.4638 | Valid Accuracy: 90.01% | Valid F1 Score: 0.9002
2025-03-15 11:02:54,838 - INFO - Saved checkpoint at /kaggle/working/continued_training/checkpoint_epoch_67.pkl
2025-03-15 11:02:54,839 - INFO - Current learning rate: 1.0000000000000002e-06
2025-03-15 11:02:54,840 - INFO - 
Epoch 69/80
2025-03-15 11:05:02,213 - INFO - Epoch: 68 | Batch: 50/269 | Loss: 0.1709 | Acc: 95.59%
2025-03-15 11:06:21,093 - INFO - Epoch: 68 | Batch: 100/269 | Loss: 0.1149 | Acc: 95.05%
2025-03-15 11:07:39,261 - INFO - Epoch: 68 | Batch: 150/269 | Loss: 0.3514 | Acc: 95.03%
2025-03-15 11:08:56,241 - INFO - Epoch: 68 | Batch: 200/269 | Loss: 0.7423 | Acc: 93.78%
2025-03-15 11:10:15,042 - INFO - Epoch: 68 | Batch: 250/269 | Loss: 0.5232 | Acc: 94.02%
2025-03-15 11:15:43,704 - INFO - Epoch 68 | Train Loss: 0.3214 | Train Accuracy: 94.75%
2025-03-15 11:15:43,727 - INFO - Epoch 68 | Valid Loss: 0.4611 | Valid Accuracy: 90.01% | Valid F1 Score: 0.9001
2025-03-15 11:15:44,565 - INFO - Saved checkpoint at /kaggle/working/continued_training/checkpoint_epoch_68.pkl
2025-03-15 11:15:44,566 - INFO - Current learning rate: 1.0000000000000002e-06
2025-03-15 11:15:44,566 - INFO - 
Epoch 70/80
2025-03-15 11:17:52,186 - INFO - Epoch: 69 | Batch: 50/269 | Loss: 0.1769 | Acc: 93.63%
2025-03-15 11:19:09,770 - INFO - Epoch: 69 | Batch: 100/269 | Loss: 0.3587 | Acc: 95.54%
2025-03-15 11:20:28,881 - INFO - Epoch: 69 | Batch: 150/269 | Loss: 1.0679 | Acc: 94.54%
2025-03-15 11:21:48,515 - INFO - Epoch: 69 | Batch: 200/269 | Loss: 0.0973 | Acc: 94.78%
2025-03-15 11:23:05,339 - INFO - Epoch: 69 | Batch: 250/269 | Loss: 0.0804 | Acc: 94.52%
2025-03-15 11:28:34,420 - INFO - Epoch 69 | Train Loss: 0.3072 | Train Accuracy: 94.93%
2025-03-15 11:28:34,427 - INFO - Epoch 69 | Valid Loss: 0.4534 | Valid Accuracy: 89.94% | Valid F1 Score: 0.8972
2025-03-15 11:28:35,013 - INFO - Saved checkpoint at /kaggle/working/continued_training/checkpoint_epoch_69.pkl
2025-03-15 11:28:35,014 - INFO - Current learning rate: 1.0000000000000002e-06
2025-03-15 11:28:35,015 - INFO - 
Epoch 71/80
2025-03-15 11:30:42,756 - INFO - Epoch: 70 | Batch: 50/269 | Loss: 1.0075 | Acc: 91.67%
2025-03-15 11:32:01,070 - INFO - Epoch: 70 | Batch: 100/269 | Loss: 0.1228 | Acc: 93.81%
2025-03-15 11:33:20,958 - INFO - Epoch: 70 | Batch: 150/269 | Loss: 0.1077 | Acc: 93.71%
2025-03-15 11:34:38,815 - INFO - Epoch: 70 | Batch: 200/269 | Loss: 0.1673 | Acc: 94.15%
2025-03-15 11:35:56,197 - INFO - Epoch: 70 | Batch: 250/269 | Loss: 0.1693 | Acc: 93.43%
2025-03-15 11:41:26,125 - INFO - Epoch 70 | Train Loss: 0.3273 | Train Accuracy: 94.10%
2025-03-15 11:41:26,142 - INFO - Epoch 70 | Valid Loss: 0.4468 | Valid Accuracy: 89.64% | Valid F1 Score: 0.8928
2025-03-15 11:41:27,106 - INFO - Saved checkpoint at /kaggle/working/continued_training/checkpoint_epoch_70.pkl
2025-03-15 11:41:27,106 - INFO - Current learning rate: 1.0000000000000002e-06
2025-03-15 11:41:27,107 - INFO - 
Epoch 72/80
2025-03-15 11:43:38,979 - INFO - Epoch: 71 | Batch: 50/269 | Loss: 0.2242 | Acc: 96.08%
2025-03-15 11:45:02,392 - INFO - Epoch: 71 | Batch: 100/269 | Loss: 0.2895 | Acc: 95.54%
2025-03-15 11:46:22,875 - INFO - Epoch: 71 | Batch: 150/269 | Loss: 0.3816 | Acc: 95.70%
2025-03-15 11:47:47,821 - INFO - Epoch: 71 | Batch: 200/269 | Loss: 0.1791 | Acc: 95.40%
2025-03-15 11:49:07,798 - INFO - Epoch: 71 | Batch: 250/269 | Loss: 0.1490 | Acc: 95.32%
2025-03-15 11:54:34,523 - INFO - Epoch 71 | Train Loss: 0.3039 | Train Accuracy: 95.63%
2025-03-15 11:54:34,524 - INFO - Epoch 71 | Valid Loss: 0.4593 | Valid Accuracy: 90.61% | Valid F1 Score: 0.9017
2025-03-15 11:54:35,430 - INFO - Saved checkpoint at /kaggle/working/continued_training/checkpoint_epoch_71.pkl
2025-03-15 11:54:35,432 - INFO - Current learning rate: 1.0000000000000002e-06
2025-03-15 11:54:35,433 - INFO - 
Epoch 73/80
2025-03-15 11:56:44,490 - INFO - Epoch: 72 | Batch: 50/269 | Loss: 0.1607 | Acc: 96.08%
2025-03-15 11:58:05,609 - INFO - Epoch: 72 | Batch: 100/269 | Loss: 0.1438 | Acc: 96.04%
2025-03-15 11:59:23,349 - INFO - Epoch: 72 | Batch: 150/269 | Loss: 0.1486 | Acc: 96.03%
2025-03-15 12:00:44,513 - INFO - Epoch: 72 | Batch: 200/269 | Loss: 0.1708 | Acc: 95.52%
2025-03-15 12:02:04,898 - INFO - Epoch: 72 | Batch: 250/269 | Loss: 0.1857 | Acc: 95.32%
2025-03-15 12:07:36,138 - INFO - Epoch 72 | Train Loss: 0.2964 | Train Accuracy: 95.72%
2025-03-15 12:07:36,147 - INFO - Epoch 72 | Valid Loss: 0.4639 | Valid Accuracy: 90.46% | Valid F1 Score: 0.9047
2025-03-15 12:07:37,030 - INFO - Saved checkpoint at /kaggle/working/continued_training/checkpoint_epoch_72.pkl
2025-03-15 12:07:37,031 - INFO - Current learning rate: 1.0000000000000002e-06
2025-03-15 12:07:37,032 - INFO - 
Epoch 74/80
2025-03-15 12:09:43,643 - INFO - Epoch: 73 | Batch: 50/269 | Loss: 0.5989 | Acc: 93.14%
2025-03-15 12:11:05,608 - INFO - Epoch: 73 | Batch: 100/269 | Loss: 0.7380 | Acc: 94.06%
2025-03-15 12:12:21,321 - INFO - Epoch: 73 | Batch: 150/269 | Loss: 0.0851 | Acc: 94.87%
2025-03-15 12:13:40,266 - INFO - Epoch: 73 | Batch: 200/269 | Loss: 0.2388 | Acc: 94.90%
2025-03-15 12:14:59,440 - INFO - Epoch: 73 | Batch: 250/269 | Loss: 0.1093 | Acc: 94.72%
2025-03-15 12:20:27,599 - INFO - Epoch 73 | Train Loss: 0.3115 | Train Accuracy: 94.98%
2025-03-15 12:20:27,599 - INFO - Epoch 73 | Valid Loss: 0.4512 | Valid Accuracy: 89.64% | Valid F1 Score: 0.8942
2025-03-15 12:20:28,204 - INFO - Saved checkpoint at /kaggle/working/continued_training/checkpoint_epoch_73.pkl
2025-03-15 12:20:28,204 - INFO - Current learning rate: 1.0000000000000002e-06
2025-03-15 12:20:28,205 - INFO - 
Epoch 75/80
2025-03-15 12:22:35,662 - INFO - Epoch: 74 | Batch: 50/269 | Loss: 0.4664 | Acc: 94.61%
2025-03-15 12:23:52,876 - INFO - Epoch: 74 | Batch: 100/269 | Loss: 0.1710 | Acc: 95.79%
2025-03-15 12:25:11,573 - INFO - Epoch: 74 | Batch: 150/269 | Loss: 0.2988 | Acc: 95.36%
2025-03-15 12:26:29,019 - INFO - Epoch: 74 | Batch: 200/269 | Loss: 0.1107 | Acc: 95.40%
2025-03-15 12:27:48,978 - INFO - Epoch: 74 | Batch: 250/269 | Loss: 0.3046 | Acc: 94.92%
2025-03-15 12:33:17,279 - INFO - Epoch 74 | Train Loss: 0.3024 | Train Accuracy: 95.35%
2025-03-15 12:33:17,279 - INFO - Epoch 74 | Valid Loss: 0.4692 | Valid Accuracy: 90.01% | Valid F1 Score: 0.8971
2025-03-15 12:33:17,838 - INFO - Saved checkpoint at /kaggle/working/continued_training/checkpoint_epoch_74.pkl
2025-03-15 12:33:17,838 - INFO - Current learning rate: 1.0000000000000002e-06
2025-03-15 12:33:17,839 - INFO - 
Epoch 76/80
2025-03-15 12:35:24,122 - INFO - Epoch: 75 | Batch: 50/269 | Loss: 1.1074 | Acc: 96.08%
2025-03-15 12:36:44,095 - INFO - Epoch: 75 | Batch: 100/269 | Loss: 0.3053 | Acc: 96.78%
2025-03-15 12:38:02,816 - INFO - Epoch: 75 | Batch: 150/269 | Loss: 0.2398 | Acc: 96.36%
2025-03-15 12:39:24,238 - INFO - Epoch: 75 | Batch: 200/269 | Loss: 0.1798 | Acc: 95.77%
2025-03-15 12:40:44,435 - INFO - Epoch: 75 | Batch: 250/269 | Loss: 0.3037 | Acc: 95.82%
2025-03-15 12:46:14,360 - INFO - Epoch 75 | Train Loss: 0.3035 | Train Accuracy: 95.54%
2025-03-15 12:46:14,361 - INFO - Epoch 75 | Valid Loss: 0.4613 | Valid Accuracy: 90.61% | Valid F1 Score: 0.9075
2025-03-15 12:46:14,920 - INFO - Saved checkpoint at /kaggle/working/continued_training/checkpoint_epoch_75.pkl
2025-03-15 12:46:14,921 - INFO - Current learning rate: 1.0000000000000002e-06
2025-03-15 12:46:14,921 - INFO - 
Epoch 77/80
2025-03-15 12:48:21,164 - INFO - Epoch: 76 | Batch: 50/269 | Loss: 1.3226 | Acc: 92.65%
2025-03-15 12:49:39,712 - INFO - Epoch: 76 | Batch: 100/269 | Loss: 0.1207 | Acc: 93.56%
2025-03-15 12:50:55,340 - INFO - Epoch: 76 | Batch: 150/269 | Loss: 0.1095 | Acc: 94.04%
2025-03-15 12:52:13,538 - INFO - Epoch: 76 | Batch: 200/269 | Loss: 0.4039 | Acc: 94.03%
2025-03-15 12:53:34,650 - INFO - Epoch: 76 | Batch: 250/269 | Loss: 0.0809 | Acc: 94.42%
2025-03-15 12:59:02,830 - INFO - Epoch 76 | Train Loss: 0.3170 | Train Accuracy: 94.70%
2025-03-15 12:59:02,867 - INFO - Epoch 76 | Valid Loss: 0.4584 | Valid Accuracy: 89.57% | Valid F1 Score: 0.8840
2025-03-15 12:59:03,809 - INFO - Saved checkpoint at /kaggle/working/continued_training/checkpoint_epoch_76.pkl
2025-03-15 12:59:03,810 - INFO - Current learning rate: 1.0000000000000002e-06
2025-03-15 12:59:03,810 - INFO - 
Epoch 78/80
2025-03-15 13:01:10,353 - INFO - Epoch: 77 | Batch: 50/269 | Loss: 0.1653 | Acc: 94.61%
2025-03-15 13:02:30,259 - INFO - Epoch: 77 | Batch: 100/269 | Loss: 0.3702 | Acc: 95.79%
2025-03-15 13:03:48,679 - INFO - Epoch: 77 | Batch: 150/269 | Loss: 0.2129 | Acc: 94.87%
2025-03-15 13:05:10,871 - INFO - Epoch: 77 | Batch: 200/269 | Loss: 0.1609 | Acc: 94.65%
2025-03-15 13:06:30,343 - INFO - Epoch: 77 | Batch: 250/269 | Loss: 0.6119 | Acc: 95.02%
2025-03-15 13:11:57,443 - INFO - Epoch 77 | Train Loss: 0.2898 | Train Accuracy: 95.77%
2025-03-15 13:11:57,466 - INFO - Epoch 77 | Valid Loss: 0.4719 | Valid Accuracy: 89.49% | Valid F1 Score: 0.8923
2025-03-15 13:11:58,326 - INFO - Saved checkpoint at /kaggle/working/continued_training/checkpoint_epoch_77.pkl
2025-03-15 13:11:58,327 - INFO - Current learning rate: 1.0000000000000002e-06
2025-03-15 13:11:58,328 - INFO - 
Epoch 79/80
2025-03-15 13:14:07,454 - INFO - Epoch: 78 | Batch: 50/269 | Loss: 0.3261 | Acc: 97.55%
2025-03-15 13:15:26,623 - INFO - Epoch: 78 | Batch: 100/269 | Loss: 0.8455 | Acc: 96.53%
2025-03-15 13:16:44,303 - INFO - Epoch: 78 | Batch: 150/269 | Loss: 0.3088 | Acc: 96.03%
2025-03-15 13:18:04,867 - INFO - Epoch: 78 | Batch: 200/269 | Loss: 0.1239 | Acc: 96.14%
2025-03-15 13:19:23,497 - INFO - Epoch: 78 | Batch: 250/269 | Loss: 0.0825 | Acc: 95.72%
2025-03-15 13:24:49,680 - INFO - Epoch 78 | Train Loss: 0.2918 | Train Accuracy: 95.54%
2025-03-15 13:24:49,680 - INFO - Epoch 78 | Valid Loss: 0.4595 | Valid Accuracy: 90.24% | Valid F1 Score: 0.8970
2025-03-15 13:24:50,693 - INFO - Saved checkpoint at /kaggle/working/continued_training/checkpoint_epoch_78.pkl
2025-03-15 13:24:50,695 - INFO - Current learning rate: 1.0000000000000002e-06
2025-03-15 13:24:50,695 - INFO - 
Epoch 80/80
2025-03-15 13:27:00,509 - INFO - Epoch: 79 | Batch: 50/269 | Loss: 0.1967 | Acc: 94.12%
2025-03-15 13:28:21,765 - INFO - Epoch: 79 | Batch: 100/269 | Loss: 0.0775 | Acc: 95.30%
2025-03-15 13:29:38,694 - INFO - Epoch: 79 | Batch: 150/269 | Loss: 0.2374 | Acc: 94.37%
2025-03-15 13:30:56,006 - INFO - Epoch: 79 | Batch: 200/269 | Loss: 0.5412 | Acc: 94.53%
2025-03-15 13:32:14,454 - INFO - Epoch: 79 | Batch: 250/269 | Loss: 1.1384 | Acc: 93.82%
2025-03-15 13:37:43,948 - INFO - Epoch 79 | Train Loss: 0.3226 | Train Accuracy: 94.52%
2025-03-15 13:37:43,956 - INFO - Epoch 79 | Valid Loss: 0.4703 | Valid Accuracy: 89.20% | Valid F1 Score: 0.8885
2025-03-15 13:37:44,539 - INFO - Saved checkpoint at /kaggle/working/continued_training/checkpoint_epoch_79.pkl
2025-03-15 13:37:44,539 - INFO - Current learning rate: 1.0000000000000002e-06
2025-03-15 13:37:44,540 - INFO - Training completed. Best validation accuracy: 90.61%
