2025-03-10 00:46:36,382 - INFO - Starting experiment: RCRG_R2_C21_V1
2025-03-10 00:46:36,383 - INFO - Using optimizer: AdamW, lr: 1e-05, momentum: 0, weight_decay: 1
2025-03-10 00:46:36,383 - INFO - Using device: cuda:0
2025-03-10 00:46:36,383 - INFO - World Size: 2
2025-03-10 00:46:36,389 - INFO - Set random seed: 31
2025-03-10 00:46:36,389 - INFO - Starting training...
2025-03-10 00:46:36,389 - INFO - Training dataset size: 19368
2025-03-10 00:46:36,389 - INFO - Validation dataset size: 12069
2025-03-10 00:46:36,391 - INFO - 
Epoch 1/35
2025-03-10 00:50:13,183 - INFO - Epoch: 0 | Batch: 50/152 | Loss: 1.6571 | Acc: 26.75%
2025-03-10 00:53:04,679 - INFO - Epoch: 0 | Batch: 100/152 | Loss: 1.2521 | Acc: 41.65%
2025-03-10 00:55:45,373 - INFO - Epoch: 0 | Batch: 150/152 | Loss: 1.1057 | Acc: 51.71%
2025-03-10 01:00:51,663 - INFO - Epoch 0 | Train Loss: 1.5226 | Train Accuracy: 51.36%
2025-03-10 01:00:51,680 - INFO - Epoch 0 | Valid Loss: 1.1601 | Valid Accuracy: 76.36% | Valid F1 Score: 0.7629
2025-03-10 01:00:52,109 - INFO - Saved checkpoint at /kaggle/working/Relational-Group-Activity-Recognition/experiments/RCRG_R2_C21_V1_2025_03_10_00_46/checkpoint_epoch_0.pkl
2025-03-10 01:00:52,110 - INFO - Current learning rate: 1e-05
2025-03-10 01:00:52,110 - INFO - 
Epoch 2/35
2025-03-10 01:04:42,022 - INFO - Epoch: 1 | Batch: 50/152 | Loss: 0.8434 | Acc: 80.94%
2025-03-10 01:07:43,601 - INFO - Epoch: 1 | Batch: 100/152 | Loss: 0.7701 | Acc: 83.15%
2025-03-10 01:10:26,161 - INFO - Epoch: 1 | Batch: 150/152 | Loss: 0.7077 | Acc: 84.93%
2025-03-10 01:15:43,344 - INFO - Epoch 1 | Train Loss: 0.8356 | Train Accuracy: 84.26%
2025-03-10 01:15:43,353 - INFO - Epoch 1 | Valid Loss: 0.8914 | Valid Accuracy: 81.22% | Valid F1 Score: 0.8133
2025-03-10 01:15:43,573 - INFO - Saved checkpoint at /kaggle/working/Relational-Group-Activity-Recognition/experiments/RCRG_R2_C21_V1_2025_03_10_00_46/checkpoint_epoch_1.pkl
2025-03-10 01:15:43,574 - INFO - Current learning rate: 1e-05
2025-03-10 01:15:43,574 - INFO - 
Epoch 3/35
2025-03-10 01:19:35,388 - INFO - Epoch: 2 | Batch: 50/152 | Loss: 0.6405 | Acc: 90.35%
2025-03-10 01:22:31,331 - INFO - Epoch: 2 | Batch: 100/152 | Loss: 0.4824 | Acc: 90.81%
2025-03-10 01:25:14,806 - INFO - Epoch: 2 | Batch: 150/152 | Loss: 0.4930 | Acc: 91.17%
2025-03-10 01:30:24,137 - INFO - Epoch 2 | Train Loss: 0.5770 | Train Accuracy: 91.14%
2025-03-10 01:30:24,149 - INFO - Epoch 2 | Valid Loss: 0.7716 | Valid Accuracy: 83.59% | Valid F1 Score: 0.8374
2025-03-10 01:30:24,378 - INFO - Saved checkpoint at /kaggle/working/Relational-Group-Activity-Recognition/experiments/RCRG_R2_C21_V1_2025_03_10_00_46/checkpoint_epoch_2.pkl
2025-03-10 01:30:24,379 - INFO - Current learning rate: 1e-05
2025-03-10 01:30:24,379 - INFO - 
Epoch 4/35
2025-03-10 01:34:15,385 - INFO - Epoch: 3 | Batch: 50/152 | Loss: 0.5168 | Acc: 93.23%
2025-03-10 01:37:11,650 - INFO - Epoch: 3 | Batch: 100/152 | Loss: 0.4225 | Acc: 93.41%
2025-03-10 01:39:51,539 - INFO - Epoch: 3 | Batch: 150/152 | Loss: 0.3824 | Acc: 93.91%
2025-03-10 01:45:08,300 - INFO - Epoch 3 | Train Loss: 0.4524 | Train Accuracy: 93.87%
2025-03-10 01:45:08,303 - INFO - Epoch 3 | Valid Loss: 0.7071 | Valid Accuracy: 83.69% | Valid F1 Score: 0.8380
2025-03-10 01:45:08,520 - INFO - Saved checkpoint at /kaggle/working/Relational-Group-Activity-Recognition/experiments/RCRG_R2_C21_V1_2025_03_10_00_46/checkpoint_epoch_3.pkl
2025-03-10 01:45:08,520 - INFO - Current learning rate: 1e-05
2025-03-10 01:45:08,521 - INFO - 
Epoch 5/35
2025-03-10 01:49:00,058 - INFO - Epoch: 4 | Batch: 50/152 | Loss: 0.3484 | Acc: 94.06%
2025-03-10 01:51:53,319 - INFO - Epoch: 4 | Batch: 100/152 | Loss: 0.3707 | Acc: 94.59%
2025-03-10 01:54:39,569 - INFO - Epoch: 4 | Batch: 150/152 | Loss: 0.3607 | Acc: 94.89%
2025-03-10 01:59:47,029 - INFO - Epoch 4 | Train Loss: 0.3784 | Train Accuracy: 95.12%
2025-03-10 01:59:47,032 - INFO - Epoch 4 | Valid Loss: 0.6603 | Valid Accuracy: 84.69% | Valid F1 Score: 0.8489
2025-03-10 01:59:47,243 - INFO - Saved checkpoint at /kaggle/working/Relational-Group-Activity-Recognition/experiments/RCRG_R2_C21_V1_2025_03_10_00_46/checkpoint_epoch_4.pkl
2025-03-10 01:59:47,244 - INFO - Current learning rate: 1e-05
2025-03-10 01:59:47,244 - INFO - 
Epoch 6/35
2025-03-10 02:03:37,429 - INFO - Epoch: 5 | Batch: 50/152 | Loss: 0.3724 | Acc: 95.96%
2025-03-10 02:06:39,741 - INFO - Epoch: 5 | Batch: 100/152 | Loss: 0.2549 | Acc: 96.35%
2025-03-10 02:09:25,577 - INFO - Epoch: 5 | Batch: 150/152 | Loss: 0.3981 | Acc: 96.38%
2025-03-10 02:14:46,678 - INFO - Epoch 5 | Train Loss: 0.3267 | Train Accuracy: 96.18%
2025-03-10 02:14:46,682 - INFO - Epoch 5 | Valid Loss: 0.6279 | Valid Accuracy: 84.86% | Valid F1 Score: 0.8495
2025-03-10 02:14:46,914 - INFO - Saved checkpoint at /kaggle/working/Relational-Group-Activity-Recognition/experiments/RCRG_R2_C21_V1_2025_03_10_00_46/checkpoint_epoch_5.pkl
2025-03-10 02:14:46,915 - INFO - Current learning rate: 1e-05
2025-03-10 02:14:46,916 - INFO - 
Epoch 7/35
2025-03-10 02:18:42,328 - INFO - Epoch: 6 | Batch: 50/152 | Loss: 0.2071 | Acc: 95.96%
2025-03-10 02:21:39,552 - INFO - Epoch: 6 | Batch: 100/152 | Loss: 0.3665 | Acc: 96.24%
2025-03-10 02:24:20,575 - INFO - Epoch: 6 | Batch: 150/152 | Loss: 0.3344 | Acc: 96.42%
2025-03-10 02:29:29,035 - INFO - Epoch 6 | Train Loss: 0.2964 | Train Accuracy: 96.49%
2025-03-10 02:29:29,054 - INFO - Epoch 6 | Valid Loss: 0.6059 | Valid Accuracy: 85.14% | Valid F1 Score: 0.8518
2025-03-10 02:29:29,325 - INFO - Saved checkpoint at /kaggle/working/Relational-Group-Activity-Recognition/experiments/RCRG_R2_C21_V1_2025_03_10_00_46/checkpoint_epoch_6.pkl
2025-03-10 02:29:29,325 - INFO - Current learning rate: 1e-05
2025-03-10 02:29:29,326 - INFO - 
Epoch 8/35
2025-03-10 02:33:25,068 - INFO - Epoch: 7 | Batch: 50/152 | Loss: 0.2485 | Acc: 97.33%
2025-03-10 02:36:25,314 - INFO - Epoch: 7 | Batch: 100/152 | Loss: 0.2688 | Acc: 97.11%
2025-03-10 02:39:12,485 - INFO - Epoch: 7 | Batch: 150/152 | Loss: 0.2050 | Acc: 97.08%
2025-03-10 02:44:28,279 - INFO - Epoch 7 | Train Loss: 0.2676 | Train Accuracy: 97.06%
2025-03-10 02:44:28,280 - INFO - Epoch 7 | Valid Loss: 0.5865 | Valid Accuracy: 85.28% | Valid F1 Score: 0.8529
2025-03-10 02:44:28,724 - INFO - Saved checkpoint at /kaggle/working/Relational-Group-Activity-Recognition/experiments/RCRG_R2_C21_V1_2025_03_10_00_46/checkpoint_epoch_7.pkl
2025-03-10 02:44:28,725 - INFO - Current learning rate: 1e-05
2025-03-10 02:44:28,725 - INFO - 
Epoch 9/35
2025-03-10 02:48:18,605 - INFO - Epoch: 8 | Batch: 50/152 | Loss: 0.1790 | Acc: 97.18%
2025-03-10 02:51:15,549 - INFO - Epoch: 8 | Batch: 100/152 | Loss: 0.2285 | Acc: 97.22%
2025-03-10 02:53:58,494 - INFO - Epoch: 8 | Batch: 150/152 | Loss: 0.2508 | Acc: 97.18%
2025-03-10 02:59:05,536 - INFO - Epoch 8 | Train Loss: 0.2434 | Train Accuracy: 97.39%
2025-03-10 02:59:05,555 - INFO - Epoch 8 | Valid Loss: 0.5745 | Valid Accuracy: 85.40% | Valid F1 Score: 0.8540
2025-03-10 02:59:05,936 - INFO - Saved checkpoint at /kaggle/working/Relational-Group-Activity-Recognition/experiments/RCRG_R2_C21_V1_2025_03_10_00_46/checkpoint_epoch_8.pkl
2025-03-10 02:59:05,937 - INFO - Current learning rate: 1e-05
2025-03-10 02:59:05,938 - INFO - 
Epoch 10/35
2025-03-10 03:02:57,243 - INFO - Epoch: 9 | Batch: 50/152 | Loss: 0.2518 | Acc: 97.27%
2025-03-10 03:05:59,704 - INFO - Epoch: 9 | Batch: 100/152 | Loss: 0.3280 | Acc: 97.59%
2025-03-10 03:08:42,487 - INFO - Epoch: 9 | Batch: 150/152 | Loss: 0.1990 | Acc: 97.65%
2025-03-10 03:13:53,248 - INFO - Epoch 9 | Train Loss: 0.2273 | Train Accuracy: 97.47%
2025-03-10 03:13:53,267 - INFO - Epoch 9 | Valid Loss: 0.5666 | Valid Accuracy: 85.31% | Valid F1 Score: 0.8524
2025-03-10 03:13:53,661 - INFO - Saved checkpoint at /kaggle/working/Relational-Group-Activity-Recognition/experiments/RCRG_R2_C21_V1_2025_03_10_00_46/checkpoint_epoch_9.pkl
2025-03-10 03:13:53,662 - INFO - Current learning rate: 1e-05
2025-03-10 03:13:53,664 - INFO - 
Epoch 11/35
2025-03-10 03:17:47,610 - INFO - Epoch: 10 | Batch: 50/152 | Loss: 0.1282 | Acc: 97.95%
2025-03-10 03:20:54,794 - INFO - Epoch: 10 | Batch: 100/152 | Loss: 0.2465 | Acc: 97.83%
2025-03-10 03:23:39,961 - INFO - Epoch: 10 | Batch: 150/152 | Loss: 0.1804 | Acc: 97.76%
2025-03-10 03:28:53,841 - INFO - Epoch 10 | Train Loss: 0.2132 | Train Accuracy: 97.82%
2025-03-10 03:28:53,855 - INFO - Epoch 10 | Valid Loss: 0.5586 | Valid Accuracy: 85.33% | Valid F1 Score: 0.8521
2025-03-10 03:28:54,257 - INFO - Saved checkpoint at /kaggle/working/Relational-Group-Activity-Recognition/experiments/RCRG_R2_C21_V1_2025_03_10_00_46/checkpoint_epoch_10.pkl
2025-03-10 03:28:54,259 - INFO - Current learning rate: 1e-05
2025-03-10 03:28:54,260 - INFO - 
Epoch 12/35
2025-03-10 03:32:54,052 - INFO - Epoch: 11 | Batch: 50/152 | Loss: 0.1883 | Acc: 97.98%
2025-03-10 03:35:52,358 - INFO - Epoch: 11 | Batch: 100/152 | Loss: 0.1865 | Acc: 98.11%
2025-03-10 03:38:35,655 - INFO - Epoch: 11 | Batch: 150/152 | Loss: 0.2531 | Acc: 98.02%
2025-03-10 03:43:51,298 - INFO - Epoch 11 | Train Loss: 0.2002 | Train Accuracy: 97.88%
2025-03-10 03:43:51,301 - INFO - Epoch 11 | Valid Loss: 0.5467 | Valid Accuracy: 85.75% | Valid F1 Score: 0.8576
2025-03-10 03:43:51,979 - INFO - Saved checkpoint at /kaggle/working/Relational-Group-Activity-Recognition/experiments/RCRG_R2_C21_V1_2025_03_10_00_46/checkpoint_epoch_11.pkl
2025-03-10 03:43:51,980 - INFO - Current learning rate: 1e-05
2025-03-10 03:43:51,981 - INFO - 
Epoch 13/35
2025-03-10 03:47:45,871 - INFO - Epoch: 12 | Batch: 50/152 | Loss: 0.1841 | Acc: 98.04%
2025-03-10 03:50:36,155 - INFO - Epoch: 12 | Batch: 100/152 | Loss: 0.2546 | Acc: 98.08%
2025-03-10 03:53:18,627 - INFO - Epoch: 12 | Batch: 150/152 | Loss: 0.1635 | Acc: 98.19%
2025-03-10 03:58:23,055 - INFO - Epoch 12 | Train Loss: 0.1884 | Train Accuracy: 98.19%
2025-03-10 03:58:23,073 - INFO - Epoch 12 | Valid Loss: 0.5455 | Valid Accuracy: 85.64% | Valid F1 Score: 0.8567
2025-03-10 03:58:23,420 - INFO - Saved checkpoint at /kaggle/working/Relational-Group-Activity-Recognition/experiments/RCRG_R2_C21_V1_2025_03_10_00_46/checkpoint_epoch_12.pkl
2025-03-10 03:58:23,421 - INFO - Current learning rate: 1e-05
2025-03-10 03:58:23,423 - INFO - 
Epoch 14/35
2025-03-10 04:02:08,837 - INFO - Epoch: 13 | Batch: 50/152 | Loss: 0.1695 | Acc: 98.59%
2025-03-10 04:05:10,092 - INFO - Epoch: 13 | Batch: 100/152 | Loss: 0.2008 | Acc: 98.44%
2025-03-10 04:08:02,689 - INFO - Epoch: 13 | Batch: 150/152 | Loss: 0.1416 | Acc: 98.54%
2025-03-10 04:13:18,359 - INFO - Epoch 13 | Train Loss: 0.1786 | Train Accuracy: 98.40%
2025-03-10 04:13:18,371 - INFO - Epoch 13 | Valid Loss: 0.5422 | Valid Accuracy: 85.59% | Valid F1 Score: 0.8564
2025-03-10 04:13:18,788 - INFO - Saved checkpoint at /kaggle/working/Relational-Group-Activity-Recognition/experiments/RCRG_R2_C21_V1_2025_03_10_00_46/checkpoint_epoch_13.pkl
2025-03-10 04:13:18,789 - INFO - Current learning rate: 1e-05
2025-03-10 04:13:18,790 - INFO - 
Epoch 15/35
2025-03-10 04:17:07,930 - INFO - Epoch: 14 | Batch: 50/152 | Loss: 0.1418 | Acc: 98.47%
2025-03-10 04:20:11,991 - INFO - Epoch: 14 | Batch: 100/152 | Loss: 0.1870 | Acc: 98.36%
2025-03-10 04:23:00,009 - INFO - Epoch: 14 | Batch: 150/152 | Loss: 0.1589 | Acc: 98.38%
2025-03-10 04:28:13,725 - INFO - Epoch 14 | Train Loss: 0.1699 | Train Accuracy: 98.46%
2025-03-10 04:28:13,742 - INFO - Epoch 14 | Valid Loss: 0.5362 | Valid Accuracy: 85.73% | Valid F1 Score: 0.8574
2025-03-10 04:28:14,073 - INFO - Saved checkpoint at /kaggle/working/Relational-Group-Activity-Recognition/experiments/RCRG_R2_C21_V1_2025_03_10_00_46/checkpoint_epoch_14.pkl
2025-03-10 04:28:14,074 - INFO - Current learning rate: 1e-05
2025-03-10 04:28:14,075 - INFO - 
Epoch 16/35
2025-03-10 04:32:04,387 - INFO - Epoch: 15 | Batch: 50/152 | Loss: 0.1387 | Acc: 98.81%
2025-03-10 04:35:00,934 - INFO - Epoch: 15 | Batch: 100/152 | Loss: 0.1553 | Acc: 98.81%
2025-03-10 04:37:51,582 - INFO - Epoch: 15 | Batch: 150/152 | Loss: 0.1392 | Acc: 98.79%
2025-03-10 04:42:57,558 - INFO - Epoch 15 | Train Loss: 0.1583 | Train Accuracy: 98.75%
2025-03-10 04:42:57,573 - INFO - Epoch 15 | Valid Loss: 0.5300 | Valid Accuracy: 85.93% | Valid F1 Score: 0.8585
2025-03-10 04:42:57,840 - INFO - Saved checkpoint at /kaggle/working/Relational-Group-Activity-Recognition/experiments/RCRG_R2_C21_V1_2025_03_10_00_46/checkpoint_epoch_15.pkl
2025-03-10 04:42:57,841 - INFO - Current learning rate: 1e-05
2025-03-10 04:42:57,841 - INFO - 
Epoch 17/35
2025-03-10 04:46:49,508 - INFO - Epoch: 16 | Batch: 50/152 | Loss: 0.1797 | Acc: 98.74%
2025-03-10 04:49:41,068 - INFO - Epoch: 16 | Batch: 100/152 | Loss: 0.1288 | Acc: 98.86%
2025-03-10 04:52:28,035 - INFO - Epoch: 16 | Batch: 150/152 | Loss: 0.1054 | Acc: 98.88%
2025-03-10 04:57:37,489 - INFO - Epoch 16 | Train Loss: 0.1529 | Train Accuracy: 98.79%
2025-03-10 04:57:37,492 - INFO - Epoch 16 | Valid Loss: 0.5294 | Valid Accuracy: 85.90% | Valid F1 Score: 0.8595
2025-03-10 04:57:37,705 - INFO - Saved checkpoint at /kaggle/working/Relational-Group-Activity-Recognition/experiments/RCRG_R2_C21_V1_2025_03_10_00_46/checkpoint_epoch_16.pkl
2025-03-10 04:57:37,706 - INFO - Current learning rate: 1e-05
2025-03-10 04:57:37,707 - INFO - 
Epoch 18/35
2025-03-10 05:01:29,237 - INFO - Epoch: 17 | Batch: 50/152 | Loss: 0.1566 | Acc: 98.81%
2025-03-10 05:04:29,243 - INFO - Epoch: 17 | Batch: 100/152 | Loss: 0.1303 | Acc: 98.81%
2025-03-10 05:07:15,644 - INFO - Epoch: 17 | Batch: 150/152 | Loss: 0.1867 | Acc: 98.91%
2025-03-10 05:12:25,227 - INFO - Epoch 17 | Train Loss: 0.1457 | Train Accuracy: 98.95%
2025-03-10 05:12:25,232 - INFO - Epoch 17 | Valid Loss: 0.5323 | Valid Accuracy: 85.83% | Valid F1 Score: 0.8594
2025-03-10 05:12:25,667 - INFO - Saved checkpoint at /kaggle/working/Relational-Group-Activity-Recognition/experiments/RCRG_R2_C21_V1_2025_03_10_00_46/checkpoint_epoch_17.pkl
2025-03-10 05:12:25,668 - INFO - Current learning rate: 1e-05
2025-03-10 05:12:25,670 - INFO - 
Epoch 19/35
2025-03-10 05:16:18,097 - INFO - Epoch: 18 | Batch: 50/152 | Loss: 0.1343 | Acc: 98.99%
2025-03-10 05:19:21,051 - INFO - Epoch: 18 | Batch: 100/152 | Loss: 0.1144 | Acc: 99.03%
2025-03-10 05:22:06,613 - INFO - Epoch: 18 | Batch: 150/152 | Loss: 0.1158 | Acc: 99.00%
2025-03-10 05:27:20,937 - INFO - Epoch 18 | Train Loss: 0.1399 | Train Accuracy: 99.05%
2025-03-10 05:27:20,948 - INFO - Epoch 18 | Valid Loss: 0.5257 | Valid Accuracy: 85.91% | Valid F1 Score: 0.8591
2025-03-10 05:27:21,384 - INFO - Saved checkpoint at /kaggle/working/Relational-Group-Activity-Recognition/experiments/RCRG_R2_C21_V1_2025_03_10_00_46/checkpoint_epoch_18.pkl
2025-03-10 05:27:21,385 - INFO - Current learning rate: 1e-05
2025-03-10 05:27:21,386 - INFO - 
Epoch 20/35
2025-03-10 05:31:17,243 - INFO - Epoch: 19 | Batch: 50/152 | Loss: 0.1392 | Acc: 99.02%
2025-03-10 05:34:20,284 - INFO - Epoch: 19 | Batch: 100/152 | Loss: 0.1110 | Acc: 99.09%
2025-03-10 05:37:08,702 - INFO - Epoch: 19 | Batch: 150/152 | Loss: 0.1388 | Acc: 99.12%
2025-03-10 05:42:32,387 - INFO - Epoch 19 | Train Loss: 0.1339 | Train Accuracy: 99.22%
2025-03-10 05:42:32,400 - INFO - Epoch 19 | Valid Loss: 0.5214 | Valid Accuracy: 85.87% | Valid F1 Score: 0.8591
2025-03-10 05:42:32,782 - INFO - Saved checkpoint at /kaggle/working/Relational-Group-Activity-Recognition/experiments/RCRG_R2_C21_V1_2025_03_10_00_46/checkpoint_epoch_19.pkl
2025-03-10 05:42:32,783 - INFO - Current learning rate: 1e-05
2025-03-10 05:42:32,787 - INFO - 
Epoch 21/35
2025-03-10 05:46:25,882 - INFO - Epoch: 20 | Batch: 50/152 | Loss: 0.1035 | Acc: 99.26%
2025-03-10 05:49:29,168 - INFO - Epoch: 20 | Batch: 100/152 | Loss: 0.1086 | Acc: 99.30%
2025-03-10 05:52:21,858 - INFO - Epoch: 20 | Batch: 150/152 | Loss: 0.1200 | Acc: 99.37%
2025-03-10 05:57:29,174 - INFO - Epoch 20 | Train Loss: 0.1290 | Train Accuracy: 99.33%
2025-03-10 05:57:29,175 - INFO - Epoch 20 | Valid Loss: 0.5259 | Valid Accuracy: 85.71% | Valid F1 Score: 0.8574
2025-03-10 05:57:29,386 - INFO - Saved checkpoint at /kaggle/working/Relational-Group-Activity-Recognition/experiments/RCRG_R2_C21_V1_2025_03_10_00_46/checkpoint_epoch_20.pkl
2025-03-10 05:57:29,387 - INFO - Current learning rate: 1e-05
2025-03-10 05:57:29,387 - INFO - 
Epoch 22/35
2025-03-10 06:01:13,319 - INFO - Epoch: 21 | Batch: 50/152 | Loss: 0.1102 | Acc: 99.33%
2025-03-10 06:04:04,572 - INFO - Epoch: 21 | Batch: 100/152 | Loss: 0.1061 | Acc: 99.37%
2025-03-10 06:06:47,456 - INFO - Epoch: 21 | Batch: 150/152 | Loss: 0.1286 | Acc: 99.38%
2025-03-10 06:11:57,189 - INFO - Epoch 21 | Train Loss: 0.1242 | Train Accuracy: 99.39%
2025-03-10 06:11:57,198 - INFO - Epoch 21 | Valid Loss: 0.5189 | Valid Accuracy: 86.08% | Valid F1 Score: 0.8599
2025-03-10 06:11:57,429 - INFO - Saved checkpoint at /kaggle/working/Relational-Group-Activity-Recognition/experiments/RCRG_R2_C21_V1_2025_03_10_00_46/checkpoint_epoch_21.pkl
2025-03-10 06:11:57,430 - INFO - Current learning rate: 1e-05
2025-03-10 06:11:57,430 - INFO - 
Epoch 23/35
2025-03-10 06:15:44,550 - INFO - Epoch: 22 | Batch: 50/152 | Loss: 0.1148 | Acc: 99.39%
2025-03-10 06:18:43,195 - INFO - Epoch: 22 | Batch: 100/152 | Loss: 0.1306 | Acc: 99.52%
2025-03-10 06:21:29,006 - INFO - Epoch: 22 | Batch: 150/152 | Loss: 0.1588 | Acc: 99.46%
2025-03-10 06:26:48,497 - INFO - Epoch 22 | Train Loss: 0.1194 | Train Accuracy: 99.47%
2025-03-10 06:26:48,510 - INFO - Epoch 22 | Valid Loss: 0.5187 | Valid Accuracy: 86.12% | Valid F1 Score: 0.8608
2025-03-10 06:26:48,852 - INFO - Saved checkpoint at /kaggle/working/Relational-Group-Activity-Recognition/experiments/RCRG_R2_C21_V1_2025_03_10_00_46/checkpoint_epoch_22.pkl
2025-03-10 06:26:48,854 - INFO - Current learning rate: 1e-05
2025-03-10 06:26:48,855 - INFO - 
Epoch 24/35
2025-03-10 06:30:38,465 - INFO - Epoch: 23 | Batch: 50/152 | Loss: 0.1249 | Acc: 99.39%
2025-03-10 06:33:39,880 - INFO - Epoch: 23 | Batch: 100/152 | Loss: 0.1047 | Acc: 99.52%
2025-03-10 06:36:23,827 - INFO - Epoch: 23 | Batch: 150/152 | Loss: 0.1546 | Acc: 99.56%
2025-03-10 06:41:32,146 - INFO - Epoch 23 | Train Loss: 0.1152 | Train Accuracy: 99.50%
2025-03-10 06:41:32,158 - INFO - Epoch 23 | Valid Loss: 0.5181 | Valid Accuracy: 86.07% | Valid F1 Score: 0.8600
2025-03-10 06:41:32,493 - INFO - Saved checkpoint at /kaggle/working/Relational-Group-Activity-Recognition/experiments/RCRG_R2_C21_V1_2025_03_10_00_46/checkpoint_epoch_23.pkl
2025-03-10 06:41:32,494 - INFO - Current learning rate: 1e-05
2025-03-10 06:41:32,495 - INFO - 
Epoch 25/35
2025-03-10 06:45:25,659 - INFO - Epoch: 24 | Batch: 50/152 | Loss: 0.1074 | Acc: 99.66%
2025-03-10 06:48:19,970 - INFO - Epoch: 24 | Batch: 100/152 | Loss: 0.1083 | Acc: 99.72%
2025-03-10 06:51:02,351 - INFO - Epoch: 24 | Batch: 150/152 | Loss: 0.0992 | Acc: 99.73%
2025-03-10 06:56:32,128 - INFO - Epoch 24 | Train Loss: 0.1106 | Train Accuracy: 99.65%
2025-03-10 06:56:32,147 - INFO - Epoch 24 | Valid Loss: 0.5146 | Valid Accuracy: 86.30% | Valid F1 Score: 0.8633
2025-03-10 06:56:32,540 - INFO - Saved checkpoint at /kaggle/working/Relational-Group-Activity-Recognition/experiments/RCRG_R2_C21_V1_2025_03_10_00_46/checkpoint_epoch_24.pkl
2025-03-10 06:56:32,541 - INFO - Current learning rate: 1e-05
2025-03-10 06:56:32,542 - INFO - 
Epoch 26/35
2025-03-10 07:00:21,328 - INFO - Epoch: 25 | Batch: 50/152 | Loss: 0.0965 | Acc: 99.63%
2025-03-10 07:03:19,061 - INFO - Epoch: 25 | Batch: 100/152 | Loss: 0.0968 | Acc: 99.66%
2025-03-10 07:06:04,963 - INFO - Epoch: 25 | Batch: 150/152 | Loss: 0.1145 | Acc: 99.65%
2025-03-10 07:11:15,821 - INFO - Epoch 25 | Train Loss: 0.1078 | Train Accuracy: 99.67%
2025-03-10 07:11:15,822 - INFO - Epoch 25 | Valid Loss: 0.5181 | Valid Accuracy: 86.34% | Valid F1 Score: 0.8653
2025-03-10 07:11:16,039 - INFO - Saved checkpoint at /kaggle/working/Relational-Group-Activity-Recognition/experiments/RCRG_R2_C21_V1_2025_03_10_00_46/checkpoint_epoch_25.pkl
2025-03-10 07:11:16,040 - INFO - Current learning rate: 1e-05
2025-03-10 07:11:16,040 - INFO - 
Epoch 27/35
2025-03-10 07:15:05,716 - INFO - Epoch: 26 | Batch: 50/152 | Loss: 0.1138 | Acc: 99.69%
2025-03-10 07:18:07,272 - INFO - Epoch: 26 | Batch: 100/152 | Loss: 0.1157 | Acc: 99.72%
2025-03-10 07:20:54,946 - INFO - Epoch: 26 | Batch: 150/152 | Loss: 0.0980 | Acc: 99.74%
2025-03-10 07:26:24,617 - INFO - Epoch 26 | Train Loss: 0.1052 | Train Accuracy: 99.71%
2025-03-10 07:26:24,618 - INFO - Epoch 26 | Valid Loss: 0.5129 | Valid Accuracy: 86.48% | Valid F1 Score: 0.8640
2025-03-10 07:26:24,831 - INFO - Saved checkpoint at /kaggle/working/Relational-Group-Activity-Recognition/experiments/RCRG_R2_C21_V1_2025_03_10_00_46/checkpoint_epoch_26.pkl
2025-03-10 07:26:24,831 - INFO - Current learning rate: 1e-05
2025-03-10 07:26:24,832 - INFO - 
Epoch 28/35
2025-03-10 07:30:24,553 - INFO - Epoch: 27 | Batch: 50/152 | Loss: 0.0947 | Acc: 99.72%
2025-03-10 07:33:29,116 - INFO - Epoch: 27 | Batch: 100/152 | Loss: 0.1012 | Acc: 99.78%
2025-03-10 07:36:12,842 - INFO - Epoch: 27 | Batch: 150/152 | Loss: 0.0996 | Acc: 99.78%
2025-03-10 07:41:27,988 - INFO - Epoch 27 | Train Loss: 0.1022 | Train Accuracy: 99.77%
2025-03-10 07:41:27,991 - INFO - Epoch 27 | Valid Loss: 0.5164 | Valid Accuracy: 86.28% | Valid F1 Score: 0.8630
2025-03-10 07:41:28,217 - INFO - Saved checkpoint at /kaggle/working/Relational-Group-Activity-Recognition/experiments/RCRG_R2_C21_V1_2025_03_10_00_46/checkpoint_epoch_27.pkl
2025-03-10 07:41:28,218 - INFO - Current learning rate: 1e-05
2025-03-10 07:41:28,218 - INFO - 
Epoch 29/35
2025-03-10 07:45:26,445 - INFO - Epoch: 28 | Batch: 50/152 | Loss: 0.1269 | Acc: 99.69%
2025-03-10 07:48:23,087 - INFO - Epoch: 28 | Batch: 100/152 | Loss: 0.1013 | Acc: 99.75%
2025-03-10 07:51:03,418 - INFO - Epoch: 28 | Batch: 150/152 | Loss: 0.0909 | Acc: 99.79%
2025-03-10 07:56:33,442 - INFO - Epoch 28 | Train Loss: 0.1024 | Train Accuracy: 99.75%
2025-03-10 07:56:33,446 - INFO - Epoch 28 | Valid Loss: 0.5143 | Valid Accuracy: 86.29% | Valid F1 Score: 0.8635
2025-03-10 07:56:33,656 - INFO - Saved checkpoint at /kaggle/working/Relational-Group-Activity-Recognition/experiments/RCRG_R2_C21_V1_2025_03_10_00_46/checkpoint_epoch_28.pkl
2025-03-10 07:56:33,657 - INFO - Current learning rate: 1e-05
2025-03-10 07:56:33,658 - INFO - 
Epoch 30/35
2025-03-10 08:00:26,686 - INFO - Epoch: 29 | Batch: 50/152 | Loss: 0.0905 | Acc: 99.85%
2025-03-10 08:03:27,931 - INFO - Epoch: 29 | Batch: 100/152 | Loss: 0.1043 | Acc: 99.81%
2025-03-10 08:06:15,348 - INFO - Epoch: 29 | Batch: 150/152 | Loss: 0.1051 | Acc: 99.82%
2025-03-10 08:11:44,341 - INFO - Epoch 29 | Train Loss: 0.0973 | Train Accuracy: 99.86%
2025-03-10 08:11:44,357 - INFO - Epoch 29 | Valid Loss: 0.5087 | Valid Accuracy: 86.58% | Valid F1 Score: 0.8655
2025-03-10 08:11:44,790 - INFO - Saved checkpoint at /kaggle/working/Relational-Group-Activity-Recognition/experiments/RCRG_R2_C21_V1_2025_03_10_00_46/checkpoint_epoch_29.pkl
2025-03-10 08:11:44,791 - INFO - Current learning rate: 1e-05
2025-03-10 08:11:44,792 - INFO - 
Epoch 31/35
2025-03-10 08:15:39,617 - INFO - Epoch: 30 | Batch: 50/152 | Loss: 0.0981 | Acc: 99.88%
2025-03-10 08:18:44,303 - INFO - Epoch: 30 | Batch: 100/152 | Loss: 0.0974 | Acc: 99.88%
2025-03-10 08:21:27,149 - INFO - Epoch: 30 | Batch: 150/152 | Loss: 0.0947 | Acc: 99.82%
2025-03-10 08:26:38,763 - INFO - Epoch 30 | Train Loss: 0.0968 | Train Accuracy: 99.81%
2025-03-10 08:26:38,776 - INFO - Epoch 30 | Valid Loss: 0.5096 | Valid Accuracy: 86.68% | Valid F1 Score: 0.8668
2025-03-10 08:26:39,211 - INFO - Saved checkpoint at /kaggle/working/Relational-Group-Activity-Recognition/experiments/RCRG_R2_C21_V1_2025_03_10_00_46/checkpoint_epoch_30.pkl
2025-03-10 08:26:39,212 - INFO - Current learning rate: 1e-05
2025-03-10 08:26:39,213 - INFO - 
Epoch 32/35
2025-03-10 08:30:32,115 - INFO - Epoch: 31 | Batch: 50/152 | Loss: 0.0954 | Acc: 99.82%
2025-03-10 08:33:32,652 - INFO - Epoch: 31 | Batch: 100/152 | Loss: 0.0819 | Acc: 99.89%
2025-03-10 08:36:16,974 - INFO - Epoch: 31 | Batch: 150/152 | Loss: 0.0832 | Acc: 99.91%
2025-03-10 08:41:41,001 - INFO - Epoch 31 | Train Loss: 0.0941 | Train Accuracy: 99.87%
2025-03-10 08:41:41,012 - INFO - Epoch 31 | Valid Loss: 0.5136 | Valid Accuracy: 86.49% | Valid F1 Score: 0.8637
2025-03-10 08:41:41,491 - INFO - Saved checkpoint at /kaggle/working/Relational-Group-Activity-Recognition/experiments/RCRG_R2_C21_V1_2025_03_10_00_46/checkpoint_epoch_31.pkl
2025-03-10 08:41:41,492 - INFO - Current learning rate: 1e-05
2025-03-10 08:41:41,492 - INFO - 
Epoch 33/35
2025-03-10 08:45:31,413 - INFO - Epoch: 32 | Batch: 50/152 | Loss: 0.1330 | Acc: 99.75%
2025-03-10 08:48:21,302 - INFO - Epoch: 32 | Batch: 100/152 | Loss: 0.0935 | Acc: 99.83%
2025-03-10 08:51:01,383 - INFO - Epoch: 32 | Batch: 150/152 | Loss: 0.1079 | Acc: 99.84%
2025-03-10 08:56:30,458 - INFO - Epoch 32 | Train Loss: 0.0946 | Train Accuracy: 99.81%
2025-03-10 08:56:30,472 - INFO - Epoch 32 | Valid Loss: 0.5082 | Valid Accuracy: 86.84% | Valid F1 Score: 0.8674
2025-03-10 08:56:30,832 - INFO - Saved checkpoint at /kaggle/working/Relational-Group-Activity-Recognition/experiments/RCRG_R2_C21_V1_2025_03_10_00_46/checkpoint_epoch_32.pkl
2025-03-10 08:56:30,833 - INFO - Current learning rate: 1e-05
2025-03-10 08:56:30,834 - INFO - 
Epoch 34/35
2025-03-10 09:00:18,094 - INFO - Epoch: 33 | Batch: 50/152 | Loss: 0.0899 | Acc: 99.72%
2025-03-10 09:03:10,105 - INFO - Epoch: 33 | Batch: 100/152 | Loss: 0.1053 | Acc: 99.78%
2025-03-10 09:05:57,162 - INFO - Epoch: 33 | Batch: 150/152 | Loss: 0.0890 | Acc: 99.80%
2025-03-10 09:11:06,590 - INFO - Epoch 33 | Train Loss: 0.0921 | Train Accuracy: 99.83%
2025-03-10 09:11:06,609 - INFO - Epoch 33 | Valid Loss: 0.5123 | Valid Accuracy: 86.49% | Valid F1 Score: 0.8632
2025-03-10 09:11:07,060 - INFO - Saved checkpoint at /kaggle/working/Relational-Group-Activity-Recognition/experiments/RCRG_R2_C21_V1_2025_03_10_00_46/checkpoint_epoch_33.pkl
2025-03-10 09:11:07,061 - INFO - Current learning rate: 1e-05
2025-03-10 09:11:07,062 - INFO - 
Epoch 35/35
2025-03-10 09:15:07,019 - INFO - Epoch: 34 | Batch: 50/152 | Loss: 0.0916 | Acc: 99.88%
2025-03-10 09:18:06,794 - INFO - Epoch: 34 | Batch: 100/152 | Loss: 0.0865 | Acc: 99.89%
2025-03-10 09:20:53,902 - INFO - Epoch: 34 | Batch: 150/152 | Loss: 0.0886 | Acc: 99.90%
2025-03-10 09:26:01,645 - INFO - Epoch 34 | Train Loss: 0.0910 | Train Accuracy: 99.88%
2025-03-10 09:26:01,654 - INFO - Epoch 34 | Valid Loss: 0.5089 | Valid Accuracy: 86.69% | Valid F1 Score: 0.8653
2025-03-10 09:26:02,013 - INFO - Saved checkpoint at /kaggle/working/Relational-Group-Activity-Recognition/experiments/RCRG_R2_C21_V1_2025_03_10_00_46/checkpoint_epoch_34.pkl
2025-03-10 09:26:02,014 - INFO - Current learning rate: 1e-05
2025-03-10 09:26:02,015 - INFO - Training completed. Best validation accuracy: 86.84%
