2025-03-03 17:08:20,374 - INFO - Starting experiment: pa_cls_V1
2025-03-03 17:08:20,374 - INFO - Using optimizer: AdamW, lr: 0.0004, momentum: 0, weight_decay: 1
2025-03-03 17:08:20,374 - INFO - Using device: cuda:0
2025-03-03 17:08:20,374 - INFO - World Size: 2
2025-03-03 17:08:20,377 - INFO - Set random seed: 31
2025-03-03 17:08:20,378 - INFO - Starting training...
2025-03-03 17:08:20,378 - INFO - Training dataset size: 231327
2025-03-03 17:08:20,378 - INFO - Validation dataset size: 143829
2025-03-03 17:08:20,378 - INFO - 
Epoch 1/20
2025-03-03 17:13:12,799 - INFO - Epoch: 0 | Batch: 100/452 | Loss: 0.5753 | Acc: 73.19%
2025-03-03 17:17:04,392 - INFO - Epoch: 0 | Batch: 200/452 | Loss: 0.6160 | Acc: 76.77%
2025-03-03 17:20:57,586 - INFO - Epoch: 0 | Batch: 300/452 | Loss: 0.5656 | Acc: 78.74%
2025-03-03 17:24:47,168 - INFO - Epoch: 0 | Batch: 400/452 | Loss: 0.5598 | Acc: 80.07%
2025-03-03 17:36:52,542 - INFO - Epoch 0 | Train Loss: 0.6297 | Train Accuracy: 80.53%
2025-03-03 17:36:52,542 - INFO - Epoch 0 | Valid Loss: 0.7128 | Valid Accuracy: 77.97% | Valid F1 Score: 0.7651
2025-03-03 17:36:52,973 - INFO - Saved checkpoint at /kaggle/working/Relational-Group-Activity-Recognition/experiments/person_activity_classifier_V1_2025_03_03_17_08/checkpoint_epoch_0.pkl
2025-03-03 17:36:52,973 - INFO - Current learning rate: 0.0004
2025-03-03 17:36:52,974 - INFO - 
Epoch 2/20
2025-03-03 17:41:36,360 - INFO - Epoch: 1 | Batch: 100/452 | Loss: 0.3421 | Acc: 87.47%
2025-03-03 17:45:34,157 - INFO - Epoch: 1 | Batch: 200/452 | Loss: 0.3606 | Acc: 87.58%
2025-03-03 17:49:22,417 - INFO - Epoch: 1 | Batch: 300/452 | Loss: 0.5013 | Acc: 87.87%
2025-03-03 17:53:13,185 - INFO - Epoch: 1 | Batch: 400/452 | Loss: 0.3604 | Acc: 87.94%
2025-03-03 18:05:03,884 - INFO - Epoch 1 | Train Loss: 0.3967 | Train Accuracy: 88.18%
2025-03-03 18:05:03,884 - INFO - Epoch 1 | Valid Loss: 0.7887 | Valid Accuracy: 76.65% | Valid F1 Score: 0.7605
2025-03-03 18:05:04,318 - INFO - Saved checkpoint at /kaggle/working/Relational-Group-Activity-Recognition/experiments/person_activity_classifier_V1_2025_03_03_17_08/checkpoint_epoch_1.pkl
2025-03-03 18:05:04,319 - INFO - Current learning rate: 0.0004
2025-03-03 18:05:04,319 - INFO - 
Epoch 3/20
2025-03-03 18:09:44,414 - INFO - Epoch: 2 | Batch: 100/452 | Loss: 0.3204 | Acc: 92.02%
2025-03-03 18:13:42,178 - INFO - Epoch: 2 | Batch: 200/452 | Loss: 0.2909 | Acc: 91.87%
2025-03-03 18:17:41,423 - INFO - Epoch: 2 | Batch: 300/452 | Loss: 0.2717 | Acc: 91.77%
2025-03-03 18:21:41,328 - INFO - Epoch: 2 | Batch: 400/452 | Loss: 0.3967 | Acc: 91.70%
2025-03-03 18:33:31,984 - INFO - Epoch 2 | Train Loss: 0.3060 | Train Accuracy: 91.63%
2025-03-03 18:33:31,993 - INFO - Epoch 2 | Valid Loss: 0.8415 | Valid Accuracy: 75.66% | Valid F1 Score: 0.7536
2025-03-03 18:33:32,425 - INFO - Saved checkpoint at /kaggle/working/Relational-Group-Activity-Recognition/experiments/person_activity_classifier_V1_2025_03_03_17_08/checkpoint_epoch_2.pkl
2025-03-03 18:33:32,426 - INFO - Current learning rate: 0.0004
2025-03-03 18:33:32,427 - INFO - 
Epoch 4/20
2025-03-03 18:38:03,968 - INFO - Epoch: 3 | Batch: 100/452 | Loss: 0.2789 | Acc: 94.40%
2025-03-03 18:41:56,524 - INFO - Epoch: 3 | Batch: 200/452 | Loss: 0.2308 | Acc: 93.90%
2025-03-03 18:45:47,001 - INFO - Epoch: 3 | Batch: 300/452 | Loss: 0.2028 | Acc: 93.56%
2025-03-03 18:49:45,073 - INFO - Epoch: 3 | Batch: 400/452 | Loss: 0.2522 | Acc: 93.40%
2025-03-03 19:01:46,227 - INFO - Epoch 3 | Train Loss: 0.2588 | Train Accuracy: 93.42%
2025-03-03 19:01:46,227 - INFO - Epoch 3 | Valid Loss: 0.9097 | Valid Accuracy: 73.26% | Valid F1 Score: 0.7382
2025-03-03 19:01:46,666 - INFO - Saved checkpoint at /kaggle/working/Relational-Group-Activity-Recognition/experiments/person_activity_classifier_V1_2025_03_03_17_08/checkpoint_epoch_3.pkl
2025-03-03 19:01:46,667 - INFO - Current learning rate: 0.0004
2025-03-03 19:01:46,668 - INFO - 
Epoch 5/20
2025-03-03 19:06:22,757 - INFO - Epoch: 4 | Batch: 100/452 | Loss: 0.2219 | Acc: 95.19%
2025-03-03 19:10:19,498 - INFO - Epoch: 4 | Batch: 200/452 | Loss: 0.2200 | Acc: 94.88%
2025-03-03 19:14:18,726 - INFO - Epoch: 4 | Batch: 300/452 | Loss: 0.1919 | Acc: 94.57%
2025-03-03 19:18:11,814 - INFO - Epoch: 4 | Batch: 400/452 | Loss: 0.2244 | Acc: 94.29%
2025-03-03 19:30:00,645 - INFO - Epoch 4 | Train Loss: 0.2391 | Train Accuracy: 94.16%
2025-03-03 19:30:00,645 - INFO - Epoch 4 | Valid Loss: 0.8707 | Valid Accuracy: 76.52% | Valid F1 Score: 0.7545
2025-03-03 19:30:01,094 - INFO - Saved checkpoint at /kaggle/working/Relational-Group-Activity-Recognition/experiments/person_activity_classifier_V1_2025_03_03_17_08/checkpoint_epoch_4.pkl
2025-03-03 19:30:01,094 - INFO - Current learning rate: 4e-05
2025-03-03 19:30:01,095 - INFO - 
Epoch 6/20
2025-03-03 19:34:34,576 - INFO - Epoch: 5 | Batch: 100/452 | Loss: 0.1308 | Acc: 97.23%
2025-03-03 19:38:31,853 - INFO - Epoch: 5 | Batch: 200/452 | Loss: 0.1277 | Acc: 97.70%
2025-03-03 19:42:29,927 - INFO - Epoch: 5 | Batch: 300/452 | Loss: 0.0997 | Acc: 97.95%
2025-03-03 19:46:27,408 - INFO - Epoch: 5 | Batch: 400/452 | Loss: 0.1052 | Acc: 98.15%
2025-03-03 19:58:20,392 - INFO - Epoch 5 | Train Loss: 0.1348 | Train Accuracy: 98.23%
2025-03-03 19:58:20,392 - INFO - Epoch 5 | Valid Loss: 0.8935 | Valid Accuracy: 78.05% | Valid F1 Score: 0.7673
2025-03-03 19:58:20,827 - INFO - Saved checkpoint at /kaggle/working/Relational-Group-Activity-Recognition/experiments/person_activity_classifier_V1_2025_03_03_17_08/checkpoint_epoch_5.pkl
2025-03-03 19:58:20,828 - INFO - Current learning rate: 4e-05
2025-03-03 19:58:20,829 - INFO - 
Epoch 7/20
2025-03-03 20:02:57,576 - INFO - Epoch: 6 | Batch: 100/452 | Loss: 0.1050 | Acc: 99.37%
2025-03-03 20:06:48,927 - INFO - Epoch: 6 | Batch: 200/452 | Loss: 0.0944 | Acc: 99.38%
2025-03-03 20:10:39,455 - INFO - Epoch: 6 | Batch: 300/452 | Loss: 0.0997 | Acc: 99.36%
2025-03-03 20:14:27,656 - INFO - Epoch: 6 | Batch: 400/452 | Loss: 0.1022 | Acc: 99.39%
2025-03-03 20:26:04,200 - INFO - Epoch 6 | Train Loss: 0.1010 | Train Accuracy: 99.40%
2025-03-03 20:26:04,200 - INFO - Epoch 6 | Valid Loss: 0.9368 | Valid Accuracy: 77.83% | Valid F1 Score: 0.7652
2025-03-03 20:26:04,650 - INFO - Saved checkpoint at /kaggle/working/Relational-Group-Activity-Recognition/experiments/person_activity_classifier_V1_2025_03_03_17_08/checkpoint_epoch_6.pkl
2025-03-03 20:26:04,651 - INFO - Current learning rate: 4e-05
2025-03-03 20:26:04,652 - INFO - 
Epoch 8/20
2025-03-03 20:30:40,673 - INFO - Epoch: 7 | Batch: 100/452 | Loss: 0.0838 | Acc: 99.57%
2025-03-03 20:34:35,963 - INFO - Epoch: 7 | Batch: 200/452 | Loss: 0.0898 | Acc: 99.56%
2025-03-03 20:38:33,566 - INFO - Epoch: 7 | Batch: 300/452 | Loss: 0.0885 | Acc: 99.57%
2025-03-03 20:42:19,888 - INFO - Epoch: 7 | Batch: 400/452 | Loss: 0.1164 | Acc: 99.58%
2025-03-03 20:54:01,876 - INFO - Epoch 7 | Train Loss: 0.0932 | Train Accuracy: 99.57%
2025-03-03 20:54:01,877 - INFO - Epoch 7 | Valid Loss: 0.9472 | Valid Accuracy: 78.07% | Valid F1 Score: 0.7663
2025-03-03 20:54:02,778 - INFO - Saved checkpoint at /kaggle/working/Relational-Group-Activity-Recognition/experiments/person_activity_classifier_V1_2025_03_03_17_08/checkpoint_epoch_7.pkl
2025-03-03 20:54:02,779 - INFO - Current learning rate: 4e-05
2025-03-03 20:54:02,780 - INFO - 
Epoch 9/20
2025-03-03 20:58:42,908 - INFO - Epoch: 8 | Batch: 100/452 | Loss: 0.0818 | Acc: 99.59%
2025-03-03 21:02:39,602 - INFO - Epoch: 8 | Batch: 200/452 | Loss: 0.0898 | Acc: 99.59%
2025-03-03 21:06:40,389 - INFO - Epoch: 8 | Batch: 300/452 | Loss: 0.0830 | Acc: 99.59%
2025-03-03 21:10:36,700 - INFO - Epoch: 8 | Batch: 400/452 | Loss: 0.0868 | Acc: 99.61%
2025-03-03 21:22:19,013 - INFO - Epoch 8 | Train Loss: 0.0903 | Train Accuracy: 99.61%
2025-03-03 21:22:19,016 - INFO - Epoch 8 | Valid Loss: 0.9489 | Valid Accuracy: 78.13% | Valid F1 Score: 0.7673
2025-03-03 21:22:19,448 - INFO - Saved checkpoint at /kaggle/working/Relational-Group-Activity-Recognition/experiments/person_activity_classifier_V1_2025_03_03_17_08/checkpoint_epoch_8.pkl
2025-03-03 21:22:19,448 - INFO - Current learning rate: 4.000000000000001e-06
2025-03-03 21:22:19,449 - INFO - 
Epoch 10/20
2025-03-03 21:26:55,187 - INFO - Epoch: 9 | Batch: 100/452 | Loss: 0.0796 | Acc: 99.61%
2025-03-03 21:30:45,992 - INFO - Epoch: 9 | Batch: 200/452 | Loss: 0.0853 | Acc: 99.62%
2025-03-03 21:34:31,624 - INFO - Epoch: 9 | Batch: 300/452 | Loss: 0.0760 | Acc: 99.61%
2025-03-03 21:38:19,909 - INFO - Epoch: 9 | Batch: 400/452 | Loss: 0.0773 | Acc: 99.64%
2025-03-03 21:50:01,940 - INFO - Epoch 9 | Train Loss: 0.0873 | Train Accuracy: 99.67%
2025-03-03 21:50:01,951 - INFO - Epoch 9 | Valid Loss: 0.9550 | Valid Accuracy: 78.02% | Valid F1 Score: 0.7665
2025-03-03 21:50:02,722 - INFO - Saved checkpoint at /kaggle/working/Relational-Group-Activity-Recognition/experiments/person_activity_classifier_V1_2025_03_03_17_08/checkpoint_epoch_9.pkl
2025-03-03 21:50:02,723 - INFO - Current learning rate: 4.000000000000001e-06
2025-03-03 21:50:02,724 - INFO - 
Epoch 11/20
2025-03-03 21:54:39,528 - INFO - Epoch: 10 | Batch: 100/452 | Loss: 0.0791 | Acc: 99.61%
2025-03-03 21:58:33,321 - INFO - Epoch: 10 | Batch: 200/452 | Loss: 0.0787 | Acc: 99.63%
2025-03-03 22:02:30,773 - INFO - Epoch: 10 | Batch: 300/452 | Loss: 0.0839 | Acc: 99.65%
2025-03-03 22:06:26,379 - INFO - Epoch: 10 | Batch: 400/452 | Loss: 0.0791 | Acc: 99.67%
2025-03-03 22:18:19,297 - INFO - Epoch 10 | Train Loss: 0.0861 | Train Accuracy: 99.69%
2025-03-03 22:18:19,297 - INFO - Epoch 10 | Valid Loss: 0.9567 | Valid Accuracy: 77.96% | Valid F1 Score: 0.7668
2025-03-03 22:18:19,744 - INFO - Saved checkpoint at /kaggle/working/Relational-Group-Activity-Recognition/experiments/person_activity_classifier_V1_2025_03_03_17_08/checkpoint_epoch_10.pkl
2025-03-03 22:18:19,745 - INFO - Current learning rate: 4.000000000000001e-06
2025-03-03 22:18:19,745 - INFO - 
Epoch 12/20
2025-03-03 22:22:54,894 - INFO - Epoch: 11 | Batch: 100/452 | Loss: 0.0796 | Acc: 99.64%
2025-03-03 22:26:48,876 - INFO - Epoch: 11 | Batch: 200/452 | Loss: 0.0809 | Acc: 99.69%
2025-03-03 22:30:48,785 - INFO - Epoch: 11 | Batch: 300/452 | Loss: 0.0950 | Acc: 99.70%
2025-03-03 22:34:45,220 - INFO - Epoch: 11 | Batch: 400/452 | Loss: 0.0779 | Acc: 99.71%
2025-03-03 22:46:44,197 - INFO - Epoch 11 | Train Loss: 0.0857 | Train Accuracy: 99.70%
2025-03-03 22:46:44,198 - INFO - Epoch 11 | Valid Loss: 0.9624 | Valid Accuracy: 78.07% | Valid F1 Score: 0.7674
2025-03-03 22:46:44,635 - INFO - Saved checkpoint at /kaggle/working/Relational-Group-Activity-Recognition/experiments/person_activity_classifier_V1_2025_03_03_17_08/checkpoint_epoch_11.pkl
2025-03-03 22:46:44,636 - INFO - Current learning rate: 4.000000000000001e-06
2025-03-03 22:46:44,637 - INFO - 
Epoch 13/20
2025-03-03 22:51:21,151 - INFO - Epoch: 12 | Batch: 100/452 | Loss: 0.0803 | Acc: 99.64%
2025-03-03 22:55:16,695 - INFO - Epoch: 12 | Batch: 200/452 | Loss: 0.0773 | Acc: 99.68%
2025-03-03 22:59:17,706 - INFO - Epoch: 12 | Batch: 300/452 | Loss: 0.1013 | Acc: 99.70%
2025-03-03 23:03:21,970 - INFO - Epoch: 12 | Batch: 400/452 | Loss: 0.0774 | Acc: 99.72%
2025-03-03 23:15:22,427 - INFO - Epoch 12 | Train Loss: 0.0849 | Train Accuracy: 99.72%
2025-03-03 23:15:22,427 - INFO - Epoch 12 | Valid Loss: 0.9603 | Valid Accuracy: 77.99% | Valid F1 Score: 0.7667
2025-03-03 23:15:23,009 - INFO - Saved checkpoint at /kaggle/working/Relational-Group-Activity-Recognition/experiments/person_activity_classifier_V1_2025_03_03_17_08/checkpoint_epoch_12.pkl
2025-03-03 23:15:23,010 - INFO - Current learning rate: 4.000000000000001e-07
2025-03-03 23:15:23,011 - INFO - 
Epoch 14/20
2025-03-03 23:19:57,158 - INFO - Epoch: 13 | Batch: 100/452 | Loss: 0.0783 | Acc: 99.65%
2025-03-03 23:23:48,969 - INFO - Epoch: 13 | Batch: 200/452 | Loss: 0.0821 | Acc: 99.70%
2025-03-03 23:27:47,530 - INFO - Epoch: 13 | Batch: 300/452 | Loss: 0.0939 | Acc: 99.71%
2025-03-03 23:31:49,043 - INFO - Epoch: 13 | Batch: 400/452 | Loss: 0.0797 | Acc: 99.73%
2025-03-03 23:43:35,538 - INFO - Epoch 13 | Train Loss: 0.0844 | Train Accuracy: 99.73%
2025-03-03 23:43:35,538 - INFO - Epoch 13 | Valid Loss: 0.9644 | Valid Accuracy: 78.04% | Valid F1 Score: 0.7666
2025-03-03 23:43:36,573 - INFO - Saved checkpoint at /kaggle/working/Relational-Group-Activity-Recognition/experiments/person_activity_classifier_V1_2025_03_03_17_08/checkpoint_epoch_13.pkl
2025-03-03 23:43:36,574 - INFO - Current learning rate: 4.000000000000001e-07
2025-03-03 23:43:36,574 - INFO - 
Epoch 15/20
2025-03-03 23:48:19,920 - INFO - Epoch: 14 | Batch: 100/452 | Loss: 0.0804 | Acc: 99.72%
2025-03-03 23:52:18,484 - INFO - Epoch: 14 | Batch: 200/452 | Loss: 0.0791 | Acc: 99.70%
2025-03-03 23:56:16,261 - INFO - Epoch: 14 | Batch: 300/452 | Loss: 0.0802 | Acc: 99.71%
2025-03-04 00:00:14,085 - INFO - Epoch: 14 | Batch: 400/452 | Loss: 0.0770 | Acc: 99.73%
2025-03-04 00:12:01,381 - INFO - Epoch 14 | Train Loss: 0.0846 | Train Accuracy: 99.73%
2025-03-04 00:12:01,381 - INFO - Epoch 14 | Valid Loss: 0.9610 | Valid Accuracy: 78.05% | Valid F1 Score: 0.7669
2025-03-04 00:12:02,043 - INFO - Saved checkpoint at /kaggle/working/Relational-Group-Activity-Recognition/experiments/person_activity_classifier_V1_2025_03_03_17_08/checkpoint_epoch_14.pkl
2025-03-04 00:12:02,044 - INFO - Current learning rate: 4.000000000000001e-07
2025-03-04 00:12:02,044 - INFO - 
Epoch 16/20
2025-03-04 00:16:44,308 - INFO - Epoch: 15 | Batch: 100/452 | Loss: 0.0784 | Acc: 99.68%
2025-03-04 00:20:35,402 - INFO - Epoch: 15 | Batch: 200/452 | Loss: 0.0920 | Acc: 99.70%
2025-03-04 00:24:23,772 - INFO - Epoch: 15 | Batch: 300/452 | Loss: 0.0787 | Acc: 99.72%
2025-03-04 00:28:20,038 - INFO - Epoch: 15 | Batch: 400/452 | Loss: 0.0896 | Acc: 99.74%
2025-03-04 00:40:12,397 - INFO - Epoch 15 | Train Loss: 0.0839 | Train Accuracy: 99.74%
2025-03-04 00:40:12,397 - INFO - Epoch 15 | Valid Loss: 0.9624 | Valid Accuracy: 78.13% | Valid F1 Score: 0.7673
2025-03-04 00:40:12,948 - INFO - Saved checkpoint at /kaggle/working/Relational-Group-Activity-Recognition/experiments/person_activity_classifier_V1_2025_03_03_17_08/checkpoint_epoch_15.pkl
2025-03-04 00:40:12,949 - INFO - Current learning rate: 4.000000000000001e-07
2025-03-04 00:40:12,949 - INFO - 
Epoch 17/20
2025-03-04 00:44:54,623 - INFO - Epoch: 16 | Batch: 100/452 | Loss: 0.0792 | Acc: 99.66%
2025-03-04 00:48:53,970 - INFO - Epoch: 16 | Batch: 200/452 | Loss: 0.0858 | Acc: 99.70%
2025-03-04 00:52:46,779 - INFO - Epoch: 16 | Batch: 300/452 | Loss: 0.0903 | Acc: 99.71%
2025-03-04 00:56:39,431 - INFO - Epoch: 16 | Batch: 400/452 | Loss: 0.0784 | Acc: 99.74%
2025-03-04 01:08:26,384 - INFO - Epoch 16 | Train Loss: 0.0847 | Train Accuracy: 99.73%
2025-03-04 01:08:26,387 - INFO - Epoch 16 | Valid Loss: 0.9658 | Valid Accuracy: 78.19% | Valid F1 Score: 0.7667
2025-03-04 01:08:26,887 - INFO - Saved checkpoint at /kaggle/working/Relational-Group-Activity-Recognition/experiments/person_activity_classifier_V1_2025_03_03_17_08/checkpoint_epoch_16.pkl
2025-03-04 01:08:26,887 - INFO - Current learning rate: 4.0000000000000014e-08
2025-03-04 01:08:26,888 - INFO - 
Epoch 18/20
2025-03-04 01:13:01,767 - INFO - Epoch: 17 | Batch: 100/452 | Loss: 0.0780 | Acc: 99.66%
2025-03-04 01:16:51,260 - INFO - Epoch: 17 | Batch: 200/452 | Loss: 0.0817 | Acc: 99.69%
2025-03-04 01:20:38,227 - INFO - Epoch: 17 | Batch: 300/452 | Loss: 0.1062 | Acc: 99.70%
2025-03-04 01:24:34,901 - INFO - Epoch: 17 | Batch: 400/452 | Loss: 0.0795 | Acc: 99.72%
2025-03-04 01:36:23,419 - INFO - Epoch 17 | Train Loss: 0.0847 | Train Accuracy: 99.72%
2025-03-04 01:36:23,419 - INFO - Epoch 17 | Valid Loss: 0.9655 | Valid Accuracy: 78.02% | Valid F1 Score: 0.7663
2025-03-04 01:36:23,856 - INFO - Saved checkpoint at /kaggle/working/Relational-Group-Activity-Recognition/experiments/person_activity_classifier_V1_2025_03_03_17_08/checkpoint_epoch_17.pkl
2025-03-04 01:36:23,857 - INFO - Current learning rate: 4.0000000000000014e-08
2025-03-04 01:36:23,857 - INFO - 
Epoch 19/20
2025-03-04 01:40:59,583 - INFO - Epoch: 18 | Batch: 100/452 | Loss: 0.0858 | Acc: 99.68%
2025-03-04 01:44:54,723 - INFO - Epoch: 18 | Batch: 200/452 | Loss: 0.0866 | Acc: 99.69%
2025-03-04 01:48:50,479 - INFO - Epoch: 18 | Batch: 300/452 | Loss: 0.0783 | Acc: 99.69%
2025-03-04 01:52:42,828 - INFO - Epoch: 18 | Batch: 400/452 | Loss: 0.0763 | Acc: 99.72%
2025-03-04 02:04:30,515 - INFO - Epoch 18 | Train Loss: 0.0846 | Train Accuracy: 99.72%
2025-03-04 02:04:30,515 - INFO - Epoch 18 | Valid Loss: 0.9655 | Valid Accuracy: 78.15% | Valid F1 Score: 0.7665
2025-03-04 02:04:30,959 - INFO - Saved checkpoint at /kaggle/working/Relational-Group-Activity-Recognition/experiments/person_activity_classifier_V1_2025_03_03_17_08/checkpoint_epoch_18.pkl
2025-03-04 02:04:30,959 - INFO - Current learning rate: 4.0000000000000014e-08
2025-03-04 02:04:30,960 - INFO - 
Epoch 20/20
2025-03-04 02:09:08,278 - INFO - Epoch: 19 | Batch: 100/452 | Loss: 0.0768 | Acc: 99.67%
2025-03-04 02:13:06,662 - INFO - Epoch: 19 | Batch: 200/452 | Loss: 0.1018 | Acc: 99.66%
2025-03-04 02:17:07,429 - INFO - Epoch: 19 | Batch: 300/452 | Loss: 0.0933 | Acc: 99.67%
2025-03-04 02:21:05,070 - INFO - Epoch: 19 | Batch: 400/452 | Loss: 0.0773 | Acc: 99.70%
2025-03-04 02:32:54,077 - INFO - Epoch 19 | Train Loss: 0.0845 | Train Accuracy: 99.73%
2025-03-04 02:32:54,080 - INFO - Epoch 19 | Valid Loss: 0.9643 | Valid Accuracy: 78.07% | Valid F1 Score: 0.7668
2025-03-04 02:32:54,532 - INFO - Saved checkpoint at /kaggle/working/Relational-Group-Activity-Recognition/experiments/person_activity_classifier_V1_2025_03_03_17_08/checkpoint_epoch_19.pkl
2025-03-04 02:32:54,533 - INFO - Current learning rate: 4.0000000000000014e-08
2025-03-04 02:32:54,534 - INFO - Training completed. Best validation accuracy: 78.19%
